{"/home/travis/build/npmtest/node-npmtest-push.js/test.js":{"path":"/home/travis/build/npmtest/node-npmtest-push.js/test.js","s":{"1":2,"2":2,"3":2,"4":2,"5":2,"6":2,"7":2,"8":1,"9":2,"10":2,"11":1,"12":1,"13":1,"14":1,"15":2,"16":2,"17":2,"18":2,"19":1,"20":1,"21":2,"22":2,"23":2,"24":1,"25":1,"26":1,"27":1,"28":1,"29":1,"30":1,"31":1,"32":1,"33":1,"34":1,"35":1,"36":1,"37":1,"38":1,"39":2,"40":2,"41":1,"42":2,"43":2,"44":1,"45":2,"46":2,"47":1,"48":2,"49":2,"50":1,"51":1,"52":1,"53":1,"54":1},"b":{"1":[2,1,1,1],"2":[1,1,1,1],"3":[1,1],"4":[1,1],"5":[1,1],"6":[1,1],"7":[1,1],"8":[1,1],"9":[1,1],"10":[1,1,1],"11":[1,1],"12":[1,1],"13":[1,1],"14":[1,1],"15":[1,1],"16":[1,1],"17":[1,1]},"f":{"1":2,"2":2,"3":2,"4":2,"5":2,"6":1,"7":1,"8":1,"9":2,"10":2,"11":2,"12":2,"13":1},"fnMap":{"1":{"name":"(anonymous_1)","line":12,"loc":{"start":{"line":12,"column":1},"end":{"line":12,"column":13}}},"2":{"name":"(anonymous_2)","line":19,"loc":{"start":{"line":19,"column":5},"end":{"line":19,"column":17}}},"3":{"name":"(anonymous_3)","line":23,"loc":{"start":{"line":23,"column":24},"end":{"line":23,"column":36}}},"4":{"name":"(anonymous_4)","line":61,"loc":{"start":{"line":61,"column":5},"end":{"line":61,"column":17}}},"5":{"name":"(anonymous_5)","line":82,"loc":{"start":{"line":82,"column":5},"end":{"line":82,"column":17}}},"6":{"name":"(anonymous_6)","line":91,"loc":{"start":{"line":91,"column":77},"end":{"line":94,"column":10}}},"7":{"name":"(anonymous_7)","line":112,"loc":{"start":{"line":112,"column":83},"end":{"line":115,"column":10}},"skip":true},"8":{"name":"(anonymous_8)","line":123,"loc":{"start":{"line":123,"column":77},"end":{"line":126,"column":10}},"skip":true},"9":{"name":"(anonymous_9)","line":139,"loc":{"start":{"line":139,"column":12},"end":{"line":139,"column":40}},"skip":true},"10":{"name":"(anonymous_10)","line":147,"loc":{"start":{"line":147,"column":77},"end":{"line":150,"column":10}},"skip":true},"11":{"name":"(anonymous_11)","line":158,"loc":{"start":{"line":158,"column":83},"end":{"line":161,"column":10}},"skip":true},"12":{"name":"(anonymous_12)","line":169,"loc":{"start":{"line":169,"column":79},"end":{"line":172,"column":10}},"skip":true},"13":{"name":"(anonymous_13)","line":180,"loc":{"start":{"line":180,"column":75},"end":{"line":183,"column":10}},"skip":true}},"statementMap":{"1":{"start":{"line":12,"column":0},"end":{"line":195,"column":5}},"2":{"start":{"line":14,"column":4},"end":{"line":14,"column":14}},"3":{"start":{"line":19,"column":4},"end":{"line":56,"column":9}},"4":{"start":{"line":21,"column":8},"end":{"line":21,"column":19}},"5":{"start":{"line":23,"column":8},"end":{"line":35,"column":13}},"6":{"start":{"line":24,"column":12},"end":{"line":34,"column":13}},"7":{"start":{"line":25,"column":16},"end":{"line":28,"column":30}},"8":{"start":{"line":30,"column":16},"end":{"line":33,"column":27}},"9":{"start":{"line":37,"column":8},"end":{"line":39,"column":21}},"10":{"start":{"line":40,"column":8},"end":{"line":53,"column":9}},"11":{"start":{"line":43,"column":12},"end":{"line":46,"column":14}},"12":{"start":{"line":47,"column":12},"end":{"line":47,"column":18}},"13":{"start":{"line":50,"column":12},"end":{"line":51,"column":46}},"14":{"start":{"line":52,"column":12},"end":{"line":52,"column":18}},"15":{"start":{"line":55,"column":8},"end":{"line":55,"column":35}},"16":{"start":{"line":61,"column":4},"end":{"line":63,"column":9}},"17":{"start":{"line":62,"column":8},"end":{"line":62,"column":15}},"18":{"start":{"line":64,"column":4},"end":{"line":77,"column":5}},"19":{"start":{"line":70,"column":8},"end":{"line":70,"column":14}},"20":{"start":{"line":76,"column":8},"end":{"line":76,"column":14}},"21":{"start":{"line":82,"column":4},"end":{"line":84,"column":9}},"22":{"start":{"line":83,"column":8},"end":{"line":83,"column":15}},"23":{"start":{"line":85,"column":4},"end":{"line":194,"column":5}},"24":{"start":{"line":91,"column":8},"end":{"line":99,"column":10}},"25":{"start":{"line":98,"column":12},"end":{"line":98,"column":35}},"26":{"start":{"line":102,"column":8},"end":{"line":104,"column":63}},"27":{"start":{"line":105,"column":8},"end":{"line":105,"column":14}},"28":{"start":{"line":112,"column":8},"end":{"line":121,"column":10},"skip":true},"29":{"start":{"line":119,"column":12},"end":{"line":119,"column":55},"skip":true},"30":{"start":{"line":120,"column":12},"end":{"line":120,"column":48},"skip":true},"31":{"start":{"line":123,"column":8},"end":{"line":136,"column":10},"skip":true},"32":{"start":{"line":130,"column":12},"end":{"line":130,"column":76},"skip":true},"33":{"start":{"line":131,"column":12},"end":{"line":131,"column":73},"skip":true},"34":{"start":{"line":132,"column":12},"end":{"line":132,"column":74},"skip":true},"35":{"start":{"line":133,"column":12},"end":{"line":133,"column":79},"skip":true},"36":{"start":{"line":134,"column":12},"end":{"line":134,"column":25},"skip":true},"37":{"start":{"line":135,"column":12},"end":{"line":135,"column":45},"skip":true},"38":{"start":{"line":138,"column":8},"end":{"line":145,"column":14},"skip":true},"39":{"start":{"line":143,"column":16},"end":{"line":143,"column":29},"skip":true},"40":{"start":{"line":144,"column":16},"end":{"line":144,"column":55},"skip":true},"41":{"start":{"line":147,"column":8},"end":{"line":156,"column":10},"skip":true},"42":{"start":{"line":154,"column":12},"end":{"line":154,"column":25},"skip":true},"43":{"start":{"line":155,"column":12},"end":{"line":155,"column":45},"skip":true},"44":{"start":{"line":158,"column":8},"end":{"line":167,"column":10},"skip":true},"45":{"start":{"line":165,"column":12},"end":{"line":165,"column":25},"skip":true},"46":{"start":{"line":166,"column":12},"end":{"line":166,"column":48},"skip":true},"47":{"start":{"line":169,"column":8},"end":{"line":178,"column":10},"skip":true},"48":{"start":{"line":176,"column":12},"end":{"line":176,"column":25},"skip":true},"49":{"start":{"line":177,"column":12},"end":{"line":177,"column":46},"skip":true},"50":{"start":{"line":180,"column":8},"end":{"line":189,"column":10},"skip":true},"51":{"start":{"line":187,"column":12},"end":{"line":187,"column":94},"skip":true},"52":{"start":{"line":188,"column":12},"end":{"line":188,"column":48},"skip":true},"53":{"start":{"line":192,"column":8},"end":{"line":192,"column":35},"skip":true},"54":{"start":{"line":193,"column":8},"end":{"line":193,"column":14},"skip":true}},"branchMap":{"1":{"line":25,"type":"binary-expr","locations":[{"start":{"line":25,"column":23},"end":{"line":25,"column":62}},{"start":{"line":26,"column":20},"end":{"line":26,"column":70}},{"start":{"line":27,"column":20},"end":{"line":27,"column":71}},{"start":{"line":28,"column":20},"end":{"line":28,"column":29}}]},"2":{"line":30,"type":"binary-expr","locations":[{"start":{"line":30,"column":23},"end":{"line":30,"column":37}},{"start":{"line":31,"column":20},"end":{"line":31,"column":61}},{"start":{"line":32,"column":20},"end":{"line":32,"column":70}},{"start":{"line":33,"column":20},"end":{"line":33,"column":26}}]},"3":{"line":37,"type":"cond-expr","locations":[{"start":{"line":38,"column":14},"end":{"line":38,"column":20}},{"start":{"line":39,"column":14},"end":{"line":39,"column":20}}]},"4":{"line":40,"type":"switch","locations":[{"start":{"line":42,"column":8},"end":{"line":47,"column":18}},{"start":{"line":49,"column":8},"end":{"line":52,"column":18}}]},"5":{"line":44,"type":"binary-expr","locations":[{"start":{"line":44,"column":16},"end":{"line":44,"column":44}},{"start":{"line":44,"column":48},"end":{"line":44,"column":66}}]},"6":{"line":50,"type":"binary-expr","locations":[{"start":{"line":50,"column":21},"end":{"line":50,"column":49}},{"start":{"line":50,"column":53},"end":{"line":50,"column":72}}]},"7":{"line":64,"type":"switch","locations":[{"start":{"line":69,"column":4},"end":{"line":70,"column":14}},{"start":{"line":75,"column":4},"end":{"line":76,"column":14}}]},"8":{"line":85,"type":"switch","locations":[{"start":{"line":90,"column":4},"end":{"line":105,"column":14}},{"start":{"line":111,"column":4},"end":{"line":193,"column":14},"skip":true}]},"9":{"line":91,"type":"binary-expr","locations":[{"start":{"line":91,"column":42},"end":{"line":91,"column":73}},{"start":{"line":91,"column":77},"end":{"line":99,"column":9}}]},"10":{"line":102,"type":"binary-expr","locations":[{"start":{"line":102,"column":18},"end":{"line":102,"column":32}},{"start":{"line":103,"column":12},"end":{"line":103,"column":53}},{"start":{"line":104,"column":12},"end":{"line":104,"column":61}}]},"11":{"line":112,"type":"binary-expr","locations":[{"start":{"line":112,"column":45},"end":{"line":112,"column":79},"skip":true},{"start":{"line":112,"column":83},"end":{"line":121,"column":9},"skip":true}]},"12":{"line":123,"type":"binary-expr","locations":[{"start":{"line":123,"column":42},"end":{"line":123,"column":73},"skip":true},{"start":{"line":123,"column":77},"end":{"line":136,"column":9},"skip":true}]},"13":{"line":138,"type":"binary-expr","locations":[{"start":{"line":138,"column":48},"end":{"line":138,"column":85},"skip":true},{"start":{"line":139,"column":12},"end":{"line":145,"column":13},"skip":true}]},"14":{"line":147,"type":"binary-expr","locations":[{"start":{"line":147,"column":42},"end":{"line":147,"column":73},"skip":true},{"start":{"line":147,"column":77},"end":{"line":156,"column":9},"skip":true}]},"15":{"line":158,"type":"binary-expr","locations":[{"start":{"line":158,"column":45},"end":{"line":158,"column":79},"skip":true},{"start":{"line":158,"column":83},"end":{"line":167,"column":9},"skip":true}]},"16":{"line":169,"type":"binary-expr","locations":[{"start":{"line":169,"column":43},"end":{"line":169,"column":75},"skip":true},{"start":{"line":169,"column":79},"end":{"line":178,"column":9},"skip":true}]},"17":{"line":180,"type":"binary-expr","locations":[{"start":{"line":180,"column":41},"end":{"line":180,"column":71},"skip":true},{"start":{"line":180,"column":75},"end":{"line":189,"column":9},"skip":true}]}},"code":["/* istanbul instrument in package npmtest_push_js */","/*jslint","    bitwise: true,","    browser: true,","    maxerr: 8,","    maxlen: 96,","    node: true,","    nomen: true,","    regexp: true,","    stupid: true","*/","(function () {","    'use strict';","    var local;","","","","    // run shared js-env code - pre-init","    (function () {","        // init local","        local = {};","        // init modeJs","        local.modeJs = (function () {","            try {","                return typeof navigator.userAgent === 'string' &&","                    typeof document.querySelector('body') === 'object' &&","                    typeof XMLHttpRequest.prototype.open === 'function' &&","                    'browser';","            } catch (errorCaughtBrowser) {","                return module.exports &&","                    typeof process.versions.node === 'string' &&","                    typeof require('http').createServer === 'function' &&","                    'node';","            }","        }());","        // init global","        local.global = local.modeJs === 'browser'","            ? window","            : global;","        switch (local.modeJs) {","        // re-init local from window.local","        case 'browser':","            local = local.global.utility2.objectSetDefault(","                local.global.utility2_rollup || local.global.local,","                local.global.utility2","            );","            break;","        // re-init local from example.js","        case 'node':","            local = (local.global.utility2_rollup || require('utility2'))","                .requireExampleJsFromReadme();","            break;","        }","        // export local","        local.global.local = local;","    }());","","","","    // run shared js-env code - function","    (function () {","        return;","    }());","    switch (local.modeJs) {","","","","    // run browser js-env code - function","    case 'browser':","        break;","","","","    // run node js-env code - function","    case 'node':","        break;","    }","","","","    // run shared js-env code - post-init","    (function () {","        return;","    }());","    switch (local.modeJs) {","","","","    // run browser js-env code - post-init","    case 'browser':","        local.testCase_browser_nullCase = local.testCase_browser_nullCase || function (","            options,","            onError","        ) {","        /*","         * this function will test browsers's null-case handling-behavior-behavior","         */","            onError(null, options);","        };","","        // run tests","        local.nop(local.modeTest &&","            document.querySelector('#testRunButton1') &&","            document.querySelector('#testRunButton1').click());","        break;","","","","    // run node js-env code - post-init","    /* istanbul ignore next */","    case 'node':","        local.testCase_buildApidoc_default = local.testCase_buildApidoc_default || function (","            options,","            onError","        ) {","        /*","         * this function will test buildApidoc's default handling-behavior-behavior","         */","            options = { modulePathList: module.paths };","            local.buildApidoc(options, onError);","        };","","        local.testCase_buildApp_default = local.testCase_buildApp_default || function (","            options,","            onError","        ) {","        /*","         * this function will test buildApp's default handling-behavior-behavior","         */","            local.testCase_buildReadme_default(options, local.onErrorThrow);","            local.testCase_buildLib_default(options, local.onErrorThrow);","            local.testCase_buildTest_default(options, local.onErrorThrow);","            local.testCase_buildCustomOrg_default(options, local.onErrorThrow);","            options = [];","            local.buildApp(options, onError);","        };","","        local.testCase_buildCustomOrg_default = local.testCase_buildCustomOrg_default ||","            function (options, onError) {","            /*","             * this function will test buildCustomOrg's default handling-behavior","             */","                options = {};","                local.buildCustomOrg(options, onError);","            };","","        local.testCase_buildLib_default = local.testCase_buildLib_default || function (","            options,","            onError","        ) {","        /*","         * this function will test buildLib's default handling-behavior","         */","            options = {};","            local.buildLib(options, onError);","        };","","        local.testCase_buildReadme_default = local.testCase_buildReadme_default || function (","            options,","            onError","        ) {","        /*","         * this function will test buildReadme's default handling-behavior-behavior","         */","            options = {};","            local.buildReadme(options, onError);","        };","","        local.testCase_buildTest_default = local.testCase_buildTest_default || function (","            options,","            onError","        ) {","        /*","         * this function will test buildTest's default handling-behavior","         */","            options = {};","            local.buildTest(options, onError);","        };","","        local.testCase_webpage_default = local.testCase_webpage_default || function (","            options,","            onError","        ) {","        /*","         * this function will test webpage's default handling-behavior","         */","            options = { modeCoverageMerge: true, url: local.serverLocalHost + '?modeTest=1' };","            local.browserTest(options, onError);","        };","","        // run test-server","        local.testRunServer(local);","        break;","    }","}());",""],"l":{"12":2,"14":2,"19":2,"21":2,"23":2,"24":2,"25":2,"30":1,"37":2,"40":2,"43":1,"47":1,"50":1,"52":1,"55":2,"61":2,"62":2,"64":2,"70":1,"76":1,"82":2,"83":2,"85":2,"91":1,"98":1,"102":1,"105":1,"112":1,"119":1,"120":1,"123":1,"130":1,"131":1,"132":1,"133":1,"134":1,"135":1,"138":1,"143":2,"144":2,"147":1,"154":2,"155":2,"158":1,"165":2,"166":2,"169":1,"176":2,"177":2,"180":1,"187":1,"188":1,"192":1,"193":1}},"/home/travis/build/npmtest/node-npmtest-push.js/lib.npmtest_push.js.js":{"path":"/home/travis/build/npmtest/node-npmtest-push.js/lib.npmtest_push.js.js","s":{"1":2,"2":2,"3":2,"4":2,"5":2,"6":2,"7":2,"8":1,"9":2,"10":2,"11":2,"12":2,"13":1,"14":1,"15":1,"16":1},"b":{"1":[2,1,1,1],"2":[1,1,1,1],"3":[1,1],"4":[2,2],"5":[1,1]},"f":{"1":2,"2":2,"3":2},"fnMap":{"1":{"name":"(anonymous_1)","line":12,"loc":{"start":{"line":12,"column":1},"end":{"line":12,"column":13}}},"2":{"name":"(anonymous_2)","line":19,"loc":{"start":{"line":19,"column":5},"end":{"line":19,"column":17}}},"3":{"name":"(anonymous_3)","line":23,"loc":{"start":{"line":23,"column":24},"end":{"line":23,"column":36}}}},"statementMap":{"1":{"start":{"line":12,"column":0},"end":{"line":53,"column":5}},"2":{"start":{"line":14,"column":4},"end":{"line":14,"column":14}},"3":{"start":{"line":19,"column":4},"end":{"line":52,"column":9}},"4":{"start":{"line":21,"column":8},"end":{"line":21,"column":19}},"5":{"start":{"line":23,"column":8},"end":{"line":35,"column":13}},"6":{"start":{"line":24,"column":12},"end":{"line":34,"column":13}},"7":{"start":{"line":25,"column":16},"end":{"line":28,"column":30}},"8":{"start":{"line":30,"column":16},"end":{"line":33,"column":27}},"9":{"start":{"line":37,"column":8},"end":{"line":39,"column":21}},"10":{"start":{"line":41,"column":8},"end":{"line":41,"column":54}},"11":{"start":{"line":43,"column":8},"end":{"line":43,"column":52}},"12":{"start":{"line":45,"column":8},"end":{"line":51,"column":9}},"13":{"start":{"line":46,"column":12},"end":{"line":46,"column":58}},"14":{"start":{"line":48,"column":12},"end":{"line":48,"column":35}},"15":{"start":{"line":49,"column":12},"end":{"line":49,"column":49}},"16":{"start":{"line":50,"column":12},"end":{"line":50,"column":43}}},"branchMap":{"1":{"line":25,"type":"binary-expr","locations":[{"start":{"line":25,"column":23},"end":{"line":25,"column":62}},{"start":{"line":26,"column":20},"end":{"line":26,"column":70}},{"start":{"line":27,"column":20},"end":{"line":27,"column":71}},{"start":{"line":28,"column":20},"end":{"line":28,"column":29}}]},"2":{"line":30,"type":"binary-expr","locations":[{"start":{"line":30,"column":23},"end":{"line":30,"column":37}},{"start":{"line":31,"column":20},"end":{"line":31,"column":61}},{"start":{"line":32,"column":20},"end":{"line":32,"column":70}},{"start":{"line":33,"column":20},"end":{"line":33,"column":26}}]},"3":{"line":37,"type":"cond-expr","locations":[{"start":{"line":38,"column":14},"end":{"line":38,"column":20}},{"start":{"line":39,"column":14},"end":{"line":39,"column":20}}]},"4":{"line":41,"type":"binary-expr","locations":[{"start":{"line":41,"column":16},"end":{"line":41,"column":44}},{"start":{"line":41,"column":48},"end":{"line":41,"column":53}}]},"5":{"line":45,"type":"if","locations":[{"start":{"line":45,"column":8},"end":{"line":45,"column":8}},{"start":{"line":45,"column":8},"end":{"line":45,"column":8}}]}},"code":["/* istanbul instrument in package npmtest_push_js */","/*jslint","    bitwise: true,","    browser: true,","    maxerr: 8,","    maxlen: 96,","    node: true,","    nomen: true,","    regexp: true,","    stupid: true","*/","(function () {","    'use strict';","    var local;","","","","    // run shared js-env code - pre-init","    (function () {","        // init local","        local = {};","        // init modeJs","        local.modeJs = (function () {","            try {","                return typeof navigator.userAgent === 'string' &&","                    typeof document.querySelector('body') === 'object' &&","                    typeof XMLHttpRequest.prototype.open === 'function' &&","                    'browser';","            } catch (errorCaughtBrowser) {","                return module.exports &&","                    typeof process.versions.node === 'string' &&","                    typeof require('http').createServer === 'function' &&","                    'node';","            }","        }());","        // init global","        local.global = local.modeJs === 'browser'","            ? window","            : global;","        // init utility2_rollup","        local = local.global.utility2_rollup || local;","        // init lib","        local.local = local.npmtest_push_js = local;","        // init exports","        if (local.modeJs === 'browser') {","            local.global.utility2_npmtest_push_js = local;","        } else {","            module.exports = local;","            module.exports.__dirname = __dirname;","            module.exports.module = module;","        }","    }());","}());",""],"l":{"12":2,"14":2,"19":2,"21":2,"23":2,"24":2,"25":2,"30":1,"37":2,"41":2,"43":2,"45":2,"46":1,"48":1,"49":1,"50":1}},"/home/travis/build/npmtest/node-npmtest-push.js/example.js":{"path":"/home/travis/build/npmtest/node-npmtest-push.js/example.js","s":{"1":2,"2":2,"3":2,"4":2,"5":2,"6":2,"7":2,"8":1,"9":2,"10":2,"11":2,"12":2,"13":1,"14":2,"15":2,"16":2,"17":2,"18":2,"19":0,"20":2,"21":1,"22":1,"23":1,"24":1,"25":1,"26":0,"27":0,"28":1,"29":1,"30":2,"31":0,"32":0,"33":0,"34":1,"35":2,"36":2,"37":3,"38":3,"39":3,"40":3,"41":0,"42":3,"43":3,"44":3,"45":1,"46":3,"47":1,"48":1,"49":1,"50":1,"51":1,"52":1,"53":1,"54":1,"55":1,"56":1,"57":0,"58":1,"59":6,"60":6,"61":1,"62":2,"63":0,"64":2,"65":1,"66":1,"67":0,"68":0,"69":0,"70":0,"71":0,"72":0,"73":0,"74":0,"75":0,"76":0,"77":0,"78":0,"79":0,"80":0,"81":0,"82":0,"83":0},"b":{"1":[2,1,1,1],"2":[1,1,1,1],"3":[1,1],"4":[2,2],"5":[1,1],"6":[1,1],"7":[2,0],"8":[2,1,1,1,1,1],"9":[0,2,0],"10":[1,1],"11":[2,1,1],"12":[1,0],"13":[0,2],"14":[2,0,0,0,0,0,0],"15":[0,3],"16":[3,0],"17":[1,1],"18":[0,1],"19":[1,2,0,2],"20":[1,0],"21":[1,1],"22":[0,0],"23":[0,0],"24":[0,0],"25":[0,0],"26":[0,0],"27":[0,0],"28":[0,0]},"f":{"1":2,"2":2,"3":2,"4":2,"5":2,"6":2,"7":3,"8":3,"9":3,"10":1,"11":6,"12":0},"fnMap":{"1":{"name":"(anonymous_1)","line":26,"loc":{"start":{"line":26,"column":1},"end":{"line":26,"column":13}}},"2":{"name":"(anonymous_2)","line":33,"loc":{"start":{"line":33,"column":5},"end":{"line":33,"column":17}}},"3":{"name":"(anonymous_3)","line":37,"loc":{"start":{"line":37,"column":24},"end":{"line":37,"column":36}}},"4":{"name":"(anonymous_4)","line":69,"loc":{"start":{"line":69,"column":31},"end":{"line":69,"column":48}},"skip":true},"5":{"name":"(anonymous_5)","line":78,"loc":{"start":{"line":78,"column":26},"end":{"line":78,"column":45}},"skip":true},"6":{"name":"(anonymous_6)","line":123,"loc":{"start":{"line":123,"column":33},"end":{"line":123,"column":48}},"skip":true},"7":{"name":"(anonymous_7)","line":125,"loc":{"start":{"line":125,"column":27},"end":{"line":125,"column":39}},"skip":true},"8":{"name":"(anonymous_8)","line":133,"loc":{"start":{"line":133,"column":59},"end":{"line":133,"column":74}},"skip":true},"9":{"name":"(anonymous_9)","line":143,"loc":{"start":{"line":143,"column":45},"end":{"line":143,"column":62}},"skip":true},"10":{"name":"(anonymous_10)","line":144,"loc":{"start":{"line":144,"column":73},"end":{"line":144,"column":92}},"skip":true},"11":{"name":"(anonymous_11)","line":272,"loc":{"start":{"line":272,"column":51},"end":{"line":272,"column":77}},"skip":true},"12":{"name":"(anonymous_12)","line":315,"loc":{"start":{"line":315,"column":32},"end":{"line":315,"column":61}},"skip":true}},"statementMap":{"1":{"start":{"line":26,"column":0},"end":{"line":326,"column":5}},"2":{"start":{"line":28,"column":4},"end":{"line":28,"column":14}},"3":{"start":{"line":33,"column":4},"end":{"line":60,"column":9}},"4":{"start":{"line":35,"column":8},"end":{"line":35,"column":19}},"5":{"start":{"line":37,"column":8},"end":{"line":49,"column":13}},"6":{"start":{"line":38,"column":12},"end":{"line":48,"column":13}},"7":{"start":{"line":39,"column":16},"end":{"line":42,"column":30}},"8":{"start":{"line":44,"column":16},"end":{"line":47,"column":27}},"9":{"start":{"line":51,"column":8},"end":{"line":53,"column":21}},"10":{"start":{"line":55,"column":8},"end":{"line":57,"column":45}},"11":{"start":{"line":59,"column":8},"end":{"line":59,"column":35}},"12":{"start":{"line":61,"column":4},"end":{"line":325,"column":5}},"13":{"start":{"line":69,"column":8},"end":{"line":121,"column":10},"skip":true},"14":{"start":{"line":70,"column":12},"end":{"line":88,"column":13},"skip":true},"15":{"start":{"line":76,"column":16},"end":{"line":87,"column":19},"skip":true},"16":{"start":{"line":79,"column":20},"end":{"line":86,"column":21},"skip":true},"17":{"start":{"line":82,"column":24},"end":{"line":82,"column":43},"skip":true},"18":{"start":{"line":83,"column":24},"end":{"line":83,"column":30},"skip":true},"19":{"start":{"line":85,"column":24},"end":{"line":85,"column":49},"skip":true},"20":{"start":{"line":89,"column":12},"end":{"line":107,"column":13},"skip":true},"21":{"start":{"line":92,"column":16},"end":{"line":102,"column":17},"skip":true},"22":{"start":{"line":93,"column":20},"end":{"line":93,"column":86},"skip":true},"23":{"start":{"line":94,"column":20},"end":{"line":95,"column":45},"skip":true},"24":{"start":{"line":96,"column":20},"end":{"line":96,"column":42},"skip":true},"25":{"start":{"line":97,"column":20},"end":{"line":97,"column":48},"skip":true},"26":{"start":{"line":100,"column":20},"end":{"line":100,"column":85},"skip":true},"27":{"start":{"line":101,"column":20},"end":{"line":101,"column":96},"skip":true},"28":{"start":{"line":103,"column":16},"end":{"line":103,"column":22},"skip":true},"29":{"start":{"line":106,"column":16},"end":{"line":106,"column":22},"skip":true},"30":{"start":{"line":108,"column":12},"end":{"line":120,"column":13},"skip":true},"31":{"start":{"line":114,"column":16},"end":{"line":119,"column":17},"skip":true},"32":{"start":{"line":116,"column":20},"end":{"line":116,"column":78},"skip":true},"33":{"start":{"line":118,"column":20},"end":{"line":118,"column":47},"skip":true},"34":{"start":{"line":123,"column":8},"end":{"line":141,"column":11},"skip":true},"35":{"start":{"line":124,"column":12},"end":{"line":124,"column":54},"skip":true},"36":{"start":{"line":125,"column":12},"end":{"line":140,"column":14},"skip":true},"37":{"start":{"line":126,"column":16},"end":{"line":126,"column":28},"skip":true},"38":{"start":{"line":127,"column":16},"end":{"line":127,"column":69},"skip":true},"39":{"start":{"line":128,"column":16},"end":{"line":128,"column":75},"skip":true},"40":{"start":{"line":129,"column":16},"end":{"line":131,"column":17},"skip":true},"41":{"start":{"line":130,"column":20},"end":{"line":130,"column":27},"skip":true},"42":{"start":{"line":133,"column":16},"end":{"line":137,"column":36},"skip":true},"43":{"start":{"line":134,"column":20},"end":{"line":136,"column":55},"skip":true},"44":{"start":{"line":139,"column":16},"end":{"line":139,"column":57},"skip":true},"45":{"start":{"line":143,"column":8},"end":{"line":147,"column":11},"skip":true},"46":{"start":{"line":144,"column":12},"end":{"line":146,"column":15},"skip":true},"47":{"start":{"line":145,"column":16},"end":{"line":145,"column":70},"skip":true},"48":{"start":{"line":149,"column":8},"end":{"line":149,"column":31},"skip":true},"49":{"start":{"line":150,"column":8},"end":{"line":150,"column":14},"skip":true},"50":{"start":{"line":158,"column":8},"end":{"line":158,"column":31},"skip":true},"51":{"start":{"line":160,"column":8},"end":{"line":160,"column":33},"skip":true},"52":{"start":{"line":161,"column":8},"end":{"line":161,"column":37},"skip":true},"53":{"start":{"line":162,"column":8},"end":{"line":162,"column":35},"skip":true},"54":{"start":{"line":164,"column":8},"end":{"line":164,"column":50},"skip":true},"55":{"start":{"line":166,"column":8},"end":{"line":256,"column":2},"skip":true},"56":{"start":{"line":258,"column":8},"end":{"line":286,"column":9},"skip":true},"57":{"start":{"line":259,"column":12},"end":{"line":269,"column":14},"skip":true},"58":{"start":{"line":271,"column":12},"end":{"line":285,"column":19},"skip":true},"59":{"start":{"line":274,"column":20},"end":{"line":274,"column":35},"skip":true},"60":{"start":{"line":275,"column":20},"end":{"line":284,"column":21},"skip":true},"61":{"start":{"line":277,"column":24},"end":{"line":277,"column":64},"skip":true},"62":{"start":{"line":279,"column":24},"end":{"line":279,"column":40},"skip":true},"63":{"start":{"line":281,"column":24},"end":{"line":281,"column":40},"skip":true},"64":{"start":{"line":283,"column":24},"end":{"line":283,"column":39},"skip":true},"65":{"start":{"line":288,"column":8},"end":{"line":290,"column":9},"skip":true},"66":{"start":{"line":289,"column":12},"end":{"line":289,"column":18},"skip":true},"67":{"start":{"line":291,"column":8},"end":{"line":293,"column":54},"skip":true},"68":{"start":{"line":296,"column":8},"end":{"line":301,"column":37},"skip":true},"69":{"start":{"line":303,"column":8},"end":{"line":303,"column":82},"skip":true},"70":{"start":{"line":306,"column":8},"end":{"line":308,"column":9},"skip":true},"71":{"start":{"line":307,"column":12},"end":{"line":307,"column":82},"skip":true},"72":{"start":{"line":310,"column":8},"end":{"line":312,"column":9},"skip":true},"73":{"start":{"line":311,"column":12},"end":{"line":311,"column":18},"skip":true},"74":{"start":{"line":313,"column":8},"end":{"line":313,"column":54},"skip":true},"75":{"start":{"line":314,"column":8},"end":{"line":314,"column":69},"skip":true},"76":{"start":{"line":315,"column":8},"end":{"line":323,"column":36},"skip":true},"77":{"start":{"line":316,"column":12},"end":{"line":316,"column":61},"skip":true},"78":{"start":{"line":317,"column":12},"end":{"line":320,"column":13},"skip":true},"79":{"start":{"line":318,"column":16},"end":{"line":318,"column":75},"skip":true},"80":{"start":{"line":319,"column":16},"end":{"line":319,"column":23},"skip":true},"81":{"start":{"line":321,"column":12},"end":{"line":321,"column":38},"skip":true},"82":{"start":{"line":322,"column":12},"end":{"line":322,"column":27},"skip":true},"83":{"start":{"line":324,"column":8},"end":{"line":324,"column":14},"skip":true}},"branchMap":{"1":{"line":39,"type":"binary-expr","locations":[{"start":{"line":39,"column":23},"end":{"line":39,"column":62}},{"start":{"line":40,"column":20},"end":{"line":40,"column":70}},{"start":{"line":41,"column":20},"end":{"line":41,"column":71}},{"start":{"line":42,"column":20},"end":{"line":42,"column":29}}]},"2":{"line":44,"type":"binary-expr","locations":[{"start":{"line":44,"column":23},"end":{"line":44,"column":37}},{"start":{"line":45,"column":20},"end":{"line":45,"column":61}},{"start":{"line":46,"column":20},"end":{"line":46,"column":70}},{"start":{"line":47,"column":20},"end":{"line":47,"column":26}}]},"3":{"line":51,"type":"cond-expr","locations":[{"start":{"line":52,"column":14},"end":{"line":52,"column":20}},{"start":{"line":53,"column":14},"end":{"line":53,"column":20}}]},"4":{"line":55,"type":"binary-expr","locations":[{"start":{"line":55,"column":16},"end":{"line":55,"column":44}},{"start":{"line":55,"column":49},"end":{"line":57,"column":43}}]},"5":{"line":55,"type":"cond-expr","locations":[{"start":{"line":56,"column":14},"end":{"line":56,"column":51}},{"start":{"line":57,"column":14},"end":{"line":57,"column":43}}]},"6":{"line":61,"type":"switch","locations":[{"start":{"line":68,"column":4},"end":{"line":150,"column":14},"skip":true},{"start":{"line":156,"column":4},"end":{"line":324,"column":14},"skip":true}]},"7":{"line":70,"type":"if","locations":[{"start":{"line":70,"column":12},"end":{"line":70,"column":12},"skip":true},{"start":{"line":70,"column":12},"end":{"line":70,"column":12},"skip":true}]},"8":{"line":70,"type":"binary-expr","locations":[{"start":{"line":70,"column":16},"end":{"line":70,"column":22},"skip":true},{"start":{"line":70,"column":27},"end":{"line":70,"column":32},"skip":true},{"start":{"line":71,"column":20},"end":{"line":71,"column":39},"skip":true},{"start":{"line":72,"column":20},"end":{"line":72,"column":49},"skip":true},{"start":{"line":73,"column":20},"end":{"line":73,"column":58},"skip":true},{"start":{"line":74,"column":20},"end":{"line":74,"column":69},"skip":true}]},"9":{"line":79,"type":"switch","locations":[{"start":{"line":80,"column":20},"end":{"line":80,"column":33},"skip":true},{"start":{"line":81,"column":20},"end":{"line":83,"column":30},"skip":true},{"start":{"line":84,"column":20},"end":{"line":85,"column":49},"skip":true}]},"10":{"line":89,"type":"switch","locations":[{"start":{"line":90,"column":12},"end":{"line":103,"column":22},"skip":true},{"start":{"line":105,"column":12},"end":{"line":106,"column":22},"skip":true}]},"11":{"line":89,"type":"binary-expr","locations":[{"start":{"line":89,"column":20},"end":{"line":89,"column":25},"skip":true},{"start":{"line":89,"column":29},"end":{"line":89,"column":48},"skip":true},{"start":{"line":89,"column":52},"end":{"line":89,"column":74},"skip":true}]},"12":{"line":92,"type":"if","locations":[{"start":{"line":92,"column":16},"end":{"line":92,"column":16},"skip":true},{"start":{"line":92,"column":16},"end":{"line":92,"column":16},"skip":true}]},"13":{"line":108,"type":"if","locations":[{"start":{"line":108,"column":12},"end":{"line":108,"column":12},"skip":true},{"start":{"line":108,"column":12},"end":{"line":108,"column":12},"skip":true}]},"14":{"line":108,"type":"binary-expr","locations":[{"start":{"line":108,"column":16},"end":{"line":108,"column":61},"skip":true},{"start":{"line":108,"column":66},"end":{"line":108,"column":72},"skip":true},{"start":{"line":108,"column":77},"end":{"line":108,"column":82},"skip":true},{"start":{"line":109,"column":20},"end":{"line":109,"column":39},"skip":true},{"start":{"line":110,"column":20},"end":{"line":110,"column":49},"skip":true},{"start":{"line":111,"column":20},"end":{"line":111,"column":58},"skip":true},{"start":{"line":112,"column":20},"end":{"line":112,"column":68},"skip":true}]},"15":{"line":129,"type":"if","locations":[{"start":{"line":129,"column":16},"end":{"line":129,"column":16},"skip":true},{"start":{"line":129,"column":16},"end":{"line":129,"column":16},"skip":true}]},"16":{"line":134,"type":"cond-expr","locations":[{"start":{"line":135,"column":26},"end":{"line":135,"column":29},"skip":true},{"start":{"line":136,"column":26},"end":{"line":136,"column":54},"skip":true}]},"17":{"line":164,"type":"binary-expr","locations":[{"start":{"line":164,"column":27},"end":{"line":164,"column":43},"skip":true},{"start":{"line":164,"column":47},"end":{"line":164,"column":49},"skip":true}]},"18":{"line":258,"type":"if","locations":[{"start":{"line":258,"column":8},"end":{"line":258,"column":8},"skip":true},{"start":{"line":258,"column":8},"end":{"line":258,"column":8},"skip":true}]},"19":{"line":275,"type":"switch","locations":[{"start":{"line":276,"column":20},"end":{"line":277,"column":64},"skip":true},{"start":{"line":278,"column":20},"end":{"line":279,"column":40},"skip":true},{"start":{"line":280,"column":20},"end":{"line":281,"column":40},"skip":true},{"start":{"line":282,"column":20},"end":{"line":283,"column":39},"skip":true}]},"20":{"line":288,"type":"if","locations":[{"start":{"line":288,"column":8},"end":{"line":288,"column":8},"skip":true},{"start":{"line":288,"column":8},"end":{"line":288,"column":8},"skip":true}]},"21":{"line":288,"type":"binary-expr","locations":[{"start":{"line":288,"column":12},"end":{"line":288,"column":40},"skip":true},{"start":{"line":288,"column":44},"end":{"line":288,"column":67},"skip":true}]},"22":{"line":292,"type":"binary-expr","locations":[{"start":{"line":292,"column":12},"end":{"line":292,"column":50},"skip":true},{"start":{"line":293,"column":12},"end":{"line":293,"column":53},"skip":true}]},"23":{"line":297,"type":"binary-expr","locations":[{"start":{"line":297,"column":12},"end":{"line":297,"column":65},"skip":true},{"start":{"line":298,"column":12},"end":{"line":301,"column":36},"skip":true}]},"24":{"line":303,"type":"binary-expr","locations":[{"start":{"line":303,"column":43},"end":{"line":303,"column":75},"skip":true},{"start":{"line":303,"column":79},"end":{"line":303,"column":81},"skip":true}]},"25":{"line":306,"type":"if","locations":[{"start":{"line":306,"column":8},"end":{"line":306,"column":8},"skip":true},{"start":{"line":306,"column":8},"end":{"line":306,"column":8},"skip":true}]},"26":{"line":310,"type":"if","locations":[{"start":{"line":310,"column":8},"end":{"line":310,"column":8},"skip":true},{"start":{"line":310,"column":8},"end":{"line":310,"column":8},"skip":true}]},"27":{"line":313,"type":"binary-expr","locations":[{"start":{"line":313,"column":27},"end":{"line":313,"column":43},"skip":true},{"start":{"line":313,"column":47},"end":{"line":313,"column":53},"skip":true}]},"28":{"line":317,"type":"if","locations":[{"start":{"line":317,"column":12},"end":{"line":317,"column":12},"skip":true},{"start":{"line":317,"column":12},"end":{"line":317,"column":12},"skip":true}]}},"code":["/*","example.js","","quickstart example","","instruction","    1. save this script as example.js","    2. run the shell command:","        $ npm install npmtest-push.js && PORT=8081 node example.js","    3. play with the browser-demo on http://127.0.0.1:8081","*/","","","","/* istanbul instrument in package npmtest_push_js */","/*jslint","    bitwise: true,","    browser: true,","    maxerr: 8,","    maxlen: 96,","    node: true,","    nomen: true,","    regexp: true,","    stupid: true","*/","(function () {","    'use strict';","    var local;","","","","    // run shared js-env code - pre-init","    (function () {","        // init local","        local = {};","        // init modeJs","        local.modeJs = (function () {","            try {","                return typeof navigator.userAgent === 'string' &&","                    typeof document.querySelector('body') === 'object' &&","                    typeof XMLHttpRequest.prototype.open === 'function' &&","                    'browser';","            } catch (errorCaughtBrowser) {","                return module.exports &&","                    typeof process.versions.node === 'string' &&","                    typeof require('http').createServer === 'function' &&","                    'node';","            }","        }());","        // init global","        local.global = local.modeJs === 'browser'","            ? window","            : global;","        // init utility2_rollup","        local = local.global.utility2_rollup || (local.modeJs === 'browser'","            ? local.global.utility2_npmtest_push_js","            : global.utility2_moduleExports);","        // export local","        local.global.local = local;","    }());","    switch (local.modeJs) {","","","","    // post-init","    // run browser js-env code - post-init","    /* istanbul ignore next */","    case 'browser':","        local.testRunBrowser = function (event) {","            if (!event || (event &&","                    event.currentTarget &&","                    event.currentTarget.className &&","                    event.currentTarget.className.includes &&","                    event.currentTarget.className.includes('onreset'))) {","                // reset output","                Array.from(","                    document.querySelectorAll('body > .resettable')","                ).forEach(function (element) {","                    switch (element.tagName) {","                    case 'INPUT':","                    case 'TEXTAREA':","                        element.value = '';","                        break;","                    default:","                        element.textContent = '';","                    }","                });","            }","            switch (event && event.currentTarget && event.currentTarget.id) {","            case 'testRunButton1':","                // show tests","                if (document.querySelector('#testReportDiv1').style.display === 'none') {","                    document.querySelector('#testReportDiv1').style.display = 'block';","                    document.querySelector('#testRunButton1').textContent =","                        'hide internal test';","                    local.modeTest = true;","                    local.testRunDefault(local);","                // hide tests","                } else {","                    document.querySelector('#testReportDiv1').style.display = 'none';","                    document.querySelector('#testRunButton1').textContent = 'run internal test';","                }","                break;","            // custom-case","            default:","                break;","            }","            if (document.querySelector('#inputTextareaEval1') && (!event || (event &&","                    event.currentTarget &&","                    event.currentTarget.className &&","                    event.currentTarget.className.includes &&","                    event.currentTarget.className.includes('oneval')))) {","                // try to eval input-code","                try {","                    /*jslint evil: true*/","                    eval(document.querySelector('#inputTextareaEval1').value);","                } catch (errorCaught) {","                    console.error(errorCaught);","                }","            }","        };","        // log stderr and stdout to #outputTextareaStdout1","        ['error', 'log'].forEach(function (key) {","            console[key + '_original'] = console[key];","            console[key] = function () {","                var element;","                console[key + '_original'].apply(console, arguments);","                element = document.querySelector('#outputTextareaStdout1');","                if (!element) {","                    return;","                }","                // append text to #outputTextareaStdout1","                element.value += Array.from(arguments).map(function (arg) {","                    return typeof arg === 'string'","                        ? arg","                        : JSON.stringify(arg, null, 4);","                }).join(' ') + '\\n';","                // scroll textarea to bottom","                element.scrollTop = element.scrollHeight;","            };","        });","        // init event-handling","        ['change', 'click', 'keyup'].forEach(function (event) {","            Array.from(document.querySelectorAll('.on' + event)).forEach(function (element) {","                element.addEventListener(event, local.testRunBrowser);","            });","        });","        // run tests","        local.testRunBrowser();","        break;","","","","    // run node js-env code - post-init","    /* istanbul ignore next */","    case 'node':","        // export local","        module.exports = local;","        // require modules","        local.fs = require('fs');","        local.http = require('http');","        local.url = require('url');","        // init assets","        local.assetsDict = local.assetsDict || {};","        /* jslint-ignore-begin */","        local.assetsDict['/assets.index.template.html'] = '\\","<!doctype html>\\n\\","<html lang=\"en\">\\n\\","<head>\\n\\","<meta charset=\"UTF-8\">\\n\\","<meta name=\"viewport\" content=\"width=device-width, initial-scale=1\">\\n\\","<title>{{env.npm_package_name}} (v{{env.npm_package_version}})</title>\\n\\","<style>\\n\\","/*csslint\\n\\","    box-sizing: false,\\n\\","    universal-selector: false\\n\\","*/\\n\\","* {\\n\\","    box-sizing: border-box;\\n\\","}\\n\\","body {\\n\\","    background: #dde;\\n\\","    font-family: Arial, Helvetica, sans-serif;\\n\\","    margin: 2rem;\\n\\","}\\n\\","body > * {\\n\\","    margin-bottom: 1rem;\\n\\","}\\n\\",".utility2FooterDiv {\\n\\","    margin-top: 20px;\\n\\","    text-align: center;\\n\\","}\\n\\","</style>\\n\\","<style>\\n\\","/*csslint\\n\\","*/\\n\\","textarea {\\n\\","    font-family: monospace;\\n\\","    height: 10rem;\\n\\","    width: 100%;\\n\\","}\\n\\","textarea[readonly] {\\n\\","    background: #ddd;\\n\\","}\\n\\","</style>\\n\\","</head>\\n\\","<body>\\n\\","<!-- utility2-comment\\n\\","<div id=\"ajaxProgressDiv1\" style=\"background: #d00; height: 2px; left: 0; margin: 0; padding: 0; position: fixed; top: 0; transition: background 0.5s, width 1.5s; width: 25%;\"></div>\\n\\","utility2-comment -->\\n\\","<h1>\\n\\","<!-- utility2-comment\\n\\","    <a\\n\\","        {{#if env.npm_package_homepage}}\\n\\","        href=\"{{env.npm_package_homepage}}\"\\n\\","        {{/if env.npm_package_homepage}}\\n\\","        target=\"_blank\"\\n\\","    >\\n\\","utility2-comment -->\\n\\","        {{env.npm_package_name}} (v{{env.npm_package_version}})\\n\\","<!-- utility2-comment\\n\\","    </a>\\n\\","utility2-comment -->\\n\\","</h1>\\n\\","<h3>{{env.npm_package_description}}</h3>\\n\\","<!-- utility2-comment\\n\\","<h4><a download href=\"assets.app.js\">download standalone app</a></h4>\\n\\","<button class=\"onclick onreset\" id=\"testRunButton1\">run internal test</button><br>\\n\\","<div id=\"testReportDiv1\" style=\"display: none;\"></div>\\n\\","utility2-comment -->\\n\\","\\n\\","\\n\\","\\n\\","<label>stderr and stdout</label>\\n\\","<textarea class=\"resettable\" id=\"outputTextareaStdout1\" readonly></textarea>\\n\\","<!-- utility2-comment\\n\\","{{#if isRollup}}\\n\\","<script src=\"assets.app.js\"></script>\\n\\","{{#unless isRollup}}\\n\\","utility2-comment -->\\n\\","<script src=\"assets.utility2.rollup.js\"></script>\\n\\","<script src=\"jsonp.utility2._stateInit?callback=window.utility2._stateInit\"></script>\\n\\","<script src=\"assets.npmtest_push_js.rollup.js\"></script>\\n\\","<script src=\"assets.example.js\"></script>\\n\\","<script src=\"assets.test.js\"></script>\\n\\","<!-- utility2-comment\\n\\","{{/if isRollup}}\\n\\","utility2-comment -->\\n\\","<div class=\"utility2FooterDiv\">\\n\\","    [ this app was created with\\n\\","    <a href=\"https://github.com/kaizhu256/node-utility2\" target=\"_blank\">utility2</a>\\n\\","    ]\\n\\","</div>\\n\\","</body>\\n\\","</html>\\n\\","';","        /* jslint-ignore-end */","        if (local.templateRender) {","            local.assetsDict['/'] = local.templateRender(","                local.assetsDict['/assets.index.template.html'],","                {","                    env: local.objectSetDefault(local.env, {","                        npm_package_description: 'the greatest app in the world!',","                        npm_package_name: 'my-app',","                        npm_package_nameAlias: 'my_app',","                        npm_package_version: '0.0.1'","                    })","                }","            );","        } else {","            local.assetsDict['/'] = local.assetsDict['/assets.index.template.html']","                .replace((/\\{\\{env\\.(\\w+?)\\}\\}/g), function (match0, match1) {","                    // jslint-hack","                    String(match0);","                    switch (match1) {","                    case 'npm_package_description':","                        return 'the greatest app in the world!';","                    case 'npm_package_name':","                        return 'my-app';","                    case 'npm_package_nameAlias':","                        return 'my_app';","                    case 'npm_package_version':","                        return '0.0.1';","                    }","                });","        }","        // run the cli","        if (local.global.utility2_rollup || module !== require.main) {","            break;","        }","        local.assetsDict['/assets.example.js'] =","            local.assetsDict['/assets.example.js'] ||","            local.fs.readFileSync(__filename, 'utf8');","        // bug-workaround - long $npm_package_buildCustomOrg","        /* jslint-ignore-begin */","        local.assetsDict['/assets.npmtest_push_js.rollup.js'] =","            local.assetsDict['/assets.npmtest_push_js.rollup.js'] ||","            local.fs.readFileSync(","                local.npmtest_push_js.__dirname + '/lib.npmtest_push_js.js',","                'utf8'","            ).replace((/^#!/), '//');","        /* jslint-ignore-end */","        local.assetsDict['/favicon.ico'] = local.assetsDict['/favicon.ico'] || '';","        // if $npm_config_timeout_exit exists,","        // then exit this process after $npm_config_timeout_exit ms","        if (Number(process.env.npm_config_timeout_exit)) {","            setTimeout(process.exit, Number(process.env.npm_config_timeout_exit));","        }","        // start server","        if (local.global.utility2_serverHttp1) {","            break;","        }","        process.env.PORT = process.env.PORT || '8081';","        console.error('server starting on port ' + process.env.PORT);","        local.http.createServer(function (request, response) {","            request.urlParsed = local.url.parse(request.url);","            if (local.assetsDict[request.urlParsed.pathname] !== undefined) {","                response.end(local.assetsDict[request.urlParsed.pathname]);","                return;","            }","            response.statusCode = 404;","            response.end();","        }).listen(process.env.PORT);","        break;","    }","}());",""],"l":{"26":2,"28":2,"33":2,"35":2,"37":2,"38":2,"39":2,"44":1,"51":2,"55":2,"59":2,"61":2,"69":1,"70":2,"76":2,"79":2,"82":2,"83":2,"85":1,"89":2,"92":1,"93":1,"94":1,"96":1,"97":1,"100":1,"101":1,"103":1,"106":1,"108":2,"114":1,"116":1,"118":1,"123":1,"124":2,"125":2,"126":3,"127":3,"128":3,"129":3,"130":1,"133":3,"134":3,"139":3,"143":1,"144":3,"145":1,"149":1,"150":1,"158":1,"160":1,"161":1,"162":1,"164":1,"166":1,"258":1,"259":1,"271":1,"274":6,"275":6,"277":1,"279":2,"281":1,"283":2,"288":1,"289":1,"291":1,"296":1,"303":1,"306":1,"307":1,"310":1,"311":1,"313":1,"314":1,"315":1,"316":1,"317":1,"318":1,"319":1,"321":1,"322":1,"324":1}},"/home/travis/build/npmtest/node-npmtest-push.js/node_modules/push.js/push.js":{"path":"/home/travis/build/npmtest/node-npmtest-push.js/node_modules/push.js/push.js","s":{"1":1,"2":1,"3":0,"4":0,"5":1,"6":1,"7":0,"8":1,"9":1,"10":0,"11":0,"12":0,"13":0,"14":0,"15":0,"16":0,"17":0,"18":0,"19":0,"20":0,"21":0,"22":0,"23":0,"24":0,"25":0,"26":0,"27":0,"28":0,"29":0,"30":0,"31":0,"32":0,"33":0,"34":0,"35":0,"36":0,"37":0,"38":0,"39":0,"40":0,"41":0,"42":0,"43":0,"44":0,"45":0,"46":0,"47":0,"48":0,"49":0,"50":0,"51":0,"52":0,"53":0,"54":0,"55":0,"56":0,"57":0,"58":0,"59":0,"60":0,"61":0,"62":0,"63":0,"64":0,"65":0,"66":0,"67":0,"68":0,"69":0,"70":0,"71":0,"72":0,"73":0,"74":0,"75":0,"76":0,"77":0,"78":0,"79":0,"80":0,"81":0,"82":0,"83":0,"84":0,"85":0,"86":0,"87":0,"88":0,"89":0,"90":0,"91":0,"92":0,"93":0,"94":0,"95":0,"96":0,"97":0,"98":1,"99":1,"100":0,"101":0,"102":0,"103":0,"104":0,"105":0,"106":0,"107":0,"108":0,"109":0,"110":0,"111":0,"112":0,"113":0,"114":0,"115":0,"116":0,"117":0,"118":1,"119":0,"120":1,"121":0,"122":0,"123":0,"124":0,"125":0,"126":0,"127":0,"128":0,"129":0,"130":0,"131":0,"132":0,"133":0,"134":0,"135":0,"136":1,"137":1,"138":1,"139":1,"140":1,"141":1,"142":0,"143":0,"144":0,"145":0,"146":0,"147":0,"148":0,"149":0,"150":0,"151":0,"152":0,"153":0,"154":0,"155":0,"156":0,"157":0,"158":0,"159":1,"160":0,"161":0,"162":0,"163":0,"164":0,"165":0,"166":0,"167":0,"168":0,"169":0,"170":1,"171":0,"172":0,"173":0,"174":0,"175":1},"b":{"1":[0,1],"2":[1,0],"3":[1,0],"4":[1,1],"5":[0,1],"6":[0,0],"7":[0,0],"8":[0,0],"9":[0,0],"10":[0,0],"11":[0,0],"12":[0,0],"13":[0,0],"14":[0,0],"15":[0,0],"16":[0,0],"17":[0,0],"18":[0,0],"19":[0,0],"20":[0,0],"21":[0,0],"22":[0,0],"23":[0,0],"24":[0,0],"25":[0,0],"26":[0,0],"27":[0,0],"28":[0,0],"29":[0,0],"30":[0,0],"31":[0,0],"32":[0,0],"33":[0,0],"34":[0,0],"35":[0,0],"36":[0,0],"37":[0,0],"38":[0,0],"39":[0,0],"40":[0,0],"41":[0,0],"42":[0,0],"43":[0,0],"44":[0,0],"45":[0,0],"46":[0,0],"47":[0,0],"48":[0,0],"49":[0,0],"50":[0,0],"51":[0,0],"52":[0,0],"53":[0,0],"54":[0,0],"55":[0,0],"56":[0,0],"57":[0,0],"58":[0,0],"59":[1,1,1,0,0],"60":[0,0],"61":[0,0],"62":[0,0],"63":[0,0],"64":[0,0]},"f":{"1":1,"2":0,"3":1,"4":1,"5":0,"6":0,"7":0,"8":0,"9":0,"10":0,"11":0,"12":0,"13":0,"14":0,"15":0,"16":0,"17":0,"18":0,"19":0,"20":0,"21":0,"22":0,"23":0,"24":0,"25":0,"26":0,"27":1,"28":0,"29":0,"30":0,"31":0,"32":0,"33":0,"34":0,"35":0,"36":0},"fnMap":{"1":{"name":"(anonymous_1)","line":39,"loc":{"start":{"line":39,"column":1},"end":{"line":39,"column":28}}},"2":{"name":"(anonymous_2)","line":45,"loc":{"start":{"line":45,"column":15},"end":{"line":45,"column":27}}},"3":{"name":"(anonymous_3)","line":58,"loc":{"start":{"line":58,"column":50},"end":{"line":58,"column":66}}},"4":{"name":"(anonymous_4)","line":60,"loc":{"start":{"line":60,"column":15},"end":{"line":60,"column":27}}},"5":{"name":"(anonymous_5)","line":68,"loc":{"start":{"line":68,"column":24},"end":{"line":68,"column":39}}},"6":{"name":"(anonymous_6)","line":69,"loc":{"start":{"line":69,"column":21},"end":{"line":69,"column":36}}},"7":{"name":"(anonymous_7)","line":70,"loc":{"start":{"line":70,"column":21},"end":{"line":70,"column":36}}},"8":{"name":"(anonymous_8)","line":93,"loc":{"start":{"line":93,"column":28},"end":{"line":93,"column":42}}},"9":{"name":"(anonymous_9)","line":125,"loc":{"start":{"line":125,"column":26},"end":{"line":125,"column":50}}},"10":{"name":"(anonymous_10)","line":137,"loc":{"start":{"line":137,"column":29},"end":{"line":137,"column":43}}},"11":{"name":"(anonymous_11)","line":157,"loc":{"start":{"line":157,"column":30},"end":{"line":157,"column":53}}},"12":{"name":"(anonymous_12)","line":162,"loc":{"start":{"line":162,"column":21},"end":{"line":162,"column":33}}},"13":{"name":"(anonymous_13)","line":166,"loc":{"start":{"line":166,"column":23},"end":{"line":166,"column":35}}},"14":{"name":"(anonymous_14)","line":173,"loc":{"start":{"line":173,"column":27},"end":{"line":173,"column":39}}},"15":{"name":"(anonymous_15)","line":185,"loc":{"start":{"line":185,"column":25},"end":{"line":185,"column":60}}},"16":{"name":"(anonymous_16)","line":196,"loc":{"start":{"line":196,"column":22},"end":{"line":196,"column":36}}},"17":{"name":"(anonymous_17)","line":221,"loc":{"start":{"line":221,"column":61},"end":{"line":221,"column":84}}},"18":{"name":"(anonymous_18)","line":244,"loc":{"start":{"line":244,"column":35},"end":{"line":244,"column":46}}},"19":{"name":"(anonymous_19)","line":248,"loc":{"start":{"line":248,"column":69},"end":{"line":248,"column":93}}},"20":{"name":"(anonymous_20)","line":255,"loc":{"start":{"line":255,"column":88},"end":{"line":255,"column":105}}},"21":{"name":"(anonymous_21)","line":322,"loc":{"start":{"line":322,"column":55},"end":{"line":322,"column":66}}},"22":{"name":"(anonymous_22)","line":326,"loc":{"start":{"line":326,"column":56},"end":{"line":326,"column":67}}},"23":{"name":"(anonymous_23)","line":361,"loc":{"start":{"line":361,"column":34},"end":{"line":361,"column":65}}},"24":{"name":"(anonymous_24)","line":370,"loc":{"start":{"line":370,"column":23},"end":{"line":370,"column":41}}},"25":{"name":"(anonymous_25)","line":405,"loc":{"start":{"line":405,"column":30},"end":{"line":405,"column":42}}},"26":{"name":"(anonymous_26)","line":413,"loc":{"start":{"line":413,"column":30},"end":{"line":413,"column":42}}},"27":{"name":"(anonymous_27)","line":455,"loc":{"start":{"line":455,"column":28},"end":{"line":455,"column":40}}},"28":{"name":"(anonymous_28)","line":486,"loc":{"start":{"line":486,"column":22},"end":{"line":486,"column":48}}},"29":{"name":"(anonymous_29)","line":501,"loc":{"start":{"line":501,"column":34},"end":{"line":501,"column":60}}},"30":{"name":"(anonymous_30)","line":502,"loc":{"start":{"line":502,"column":44},"end":{"line":502,"column":55}}},"31":{"name":"(anonymous_31)","line":508,"loc":{"start":{"line":508,"column":23},"end":{"line":508,"column":34}}},"32":{"name":"(anonymous_32)","line":513,"loc":{"start":{"line":513,"column":34},"end":{"line":513,"column":60}}},"33":{"name":"(anonymous_33)","line":529,"loc":{"start":{"line":529,"column":21},"end":{"line":529,"column":33}}},"34":{"name":"(anonymous_34)","line":544,"loc":{"start":{"line":544,"column":32},"end":{"line":544,"column":44}}},"35":{"name":"(anonymous_35)","line":553,"loc":{"start":{"line":553,"column":21},"end":{"line":553,"column":36}}},"36":{"name":"(anonymous_36)","line":569,"loc":{"start":{"line":569,"column":21},"end":{"line":569,"column":33}}}},"statementMap":{"1":{"start":{"line":39,"column":0},"end":{"line":581,"column":3}},"2":{"start":{"line":44,"column":4},"end":{"line":56,"column":5}},"3":{"start":{"line":45,"column":8},"end":{"line":47,"column":11}},"4":{"start":{"line":46,"column":12},"end":{"line":46,"column":60}},"5":{"start":{"line":50,"column":9},"end":{"line":56,"column":5}},"6":{"start":{"line":51,"column":8},"end":{"line":51,"column":66}},"7":{"start":{"line":55,"column":8},"end":{"line":55,"column":63}},"8":{"start":{"line":60,"column":4},"end":{"line":577,"column":6}},"9":{"start":{"line":66,"column":8},"end":{"line":347,"column":82}},"10":{"start":{"line":68,"column":41},"end":{"line":68,"column":66}},"11":{"start":{"line":69,"column":38},"end":{"line":69,"column":69}},"12":{"start":{"line":70,"column":38},"end":{"line":70,"column":98}},"13":{"start":{"line":94,"column":12},"end":{"line":95,"column":49}},"14":{"start":{"line":97,"column":12},"end":{"line":115,"column":13}},"15":{"start":{"line":99,"column":16},"end":{"line":110,"column":17}},"16":{"start":{"line":100,"column":20},"end":{"line":100,"column":41}},"17":{"start":{"line":102,"column":23},"end":{"line":110,"column":17}},"18":{"start":{"line":103,"column":20},"end":{"line":103,"column":42}},"19":{"start":{"line":105,"column":23},"end":{"line":110,"column":17}},"20":{"start":{"line":106,"column":20},"end":{"line":106,"column":60}},"21":{"start":{"line":108,"column":20},"end":{"line":108,"column":35}},"22":{"start":{"line":109,"column":20},"end":{"line":109,"column":87}},"23":{"start":{"line":112,"column":16},"end":{"line":114,"column":17}},"24":{"start":{"line":113,"column":20},"end":{"line":113,"column":50}},"25":{"start":{"line":117,"column":12},"end":{"line":117,"column":25}},"26":{"start":{"line":126,"column":12},"end":{"line":126,"column":31}},"27":{"start":{"line":127,"column":12},"end":{"line":127,"column":45}},"28":{"start":{"line":128,"column":12},"end":{"line":128,"column":24}},"29":{"start":{"line":129,"column":12},"end":{"line":129,"column":22}},"30":{"start":{"line":138,"column":12},"end":{"line":140,"column":20}},"31":{"start":{"line":142,"column":12},"end":{"line":151,"column":13}},"32":{"start":{"line":143,"column":16},"end":{"line":150,"column":17}},"33":{"start":{"line":144,"column":20},"end":{"line":149,"column":21}},"34":{"start":{"line":145,"column":24},"end":{"line":145,"column":55}},"35":{"start":{"line":148,"column":24},"end":{"line":148,"column":39}},"36":{"start":{"line":153,"column":12},"end":{"line":153,"column":33}},"37":{"start":{"line":154,"column":12},"end":{"line":154,"column":27}},"38":{"start":{"line":158,"column":12},"end":{"line":158,"column":24}},"39":{"start":{"line":161,"column":12},"end":{"line":169,"column":14}},"40":{"start":{"line":163,"column":20},"end":{"line":163,"column":45}},"41":{"start":{"line":167,"column":20},"end":{"line":167,"column":42}},"42":{"start":{"line":172,"column":12},"end":{"line":176,"column":13}},"43":{"start":{"line":173,"column":16},"end":{"line":175,"column":36}},"44":{"start":{"line":174,"column":20},"end":{"line":174,"column":36}},"45":{"start":{"line":178,"column":12},"end":{"line":178,"column":27}},"46":{"start":{"line":186,"column":12},"end":{"line":187,"column":24}},"47":{"start":{"line":190,"column":12},"end":{"line":190,"column":36}},"48":{"start":{"line":193,"column":12},"end":{"line":193,"column":78}},"49":{"start":{"line":196,"column":12},"end":{"line":202,"column":14}},"50":{"start":{"line":198,"column":16},"end":{"line":198,"column":39}},"51":{"start":{"line":199,"column":16},"end":{"line":201,"column":17}},"52":{"start":{"line":200,"column":20},"end":{"line":200,"column":61}},"53":{"start":{"line":205,"column":12},"end":{"line":306,"column":13}},"54":{"start":{"line":206,"column":16},"end":{"line":267,"column":17}},"55":{"start":{"line":207,"column":20},"end":{"line":216,"column":22}},"56":{"start":{"line":218,"column":20},"end":{"line":266,"column":21}},"57":{"start":{"line":220,"column":24},"end":{"line":220,"column":80}},"58":{"start":{"line":221,"column":24},"end":{"line":265,"column":27}},"59":{"start":{"line":222,"column":28},"end":{"line":228,"column":30}},"60":{"start":{"line":230,"column":28},"end":{"line":231,"column":83}},"61":{"start":{"line":231,"column":32},"end":{"line":231,"column":83}},"62":{"start":{"line":234,"column":28},"end":{"line":264,"column":31}},"63":{"start":{"line":245,"column":32},"end":{"line":245,"column":39}},"64":{"start":{"line":248,"column":32},"end":{"line":263,"column":35}},"65":{"start":{"line":249,"column":36},"end":{"line":249,"column":98}},"66":{"start":{"line":252,"column":36},"end":{"line":252,"column":72}},"67":{"start":{"line":255,"column":36},"end":{"line":260,"column":39}},"68":{"start":{"line":256,"column":40},"end":{"line":256,"column":74}},"69":{"start":{"line":258,"column":40},"end":{"line":259,"column":72}},"70":{"start":{"line":259,"column":44},"end":{"line":259,"column":72}},"71":{"start":{"line":262,"column":36},"end":{"line":262,"column":78}},"72":{"start":{"line":270,"column":19},"end":{"line":306,"column":13}},"73":{"start":{"line":272,"column":16},"end":{"line":276,"column":18}},"74":{"start":{"line":278,"column":16},"end":{"line":278,"column":36}},"75":{"start":{"line":281,"column":19},"end":{"line":306,"column":13}},"76":{"start":{"line":283,"column":16},"end":{"line":287,"column":18}},"77":{"start":{"line":289,"column":16},"end":{"line":289,"column":36}},"78":{"start":{"line":292,"column":19},"end":{"line":306,"column":13}},"79":{"start":{"line":295,"column":16},"end":{"line":295,"column":56}},"80":{"start":{"line":296,"column":16},"end":{"line":300,"column":18}},"81":{"start":{"line":301,"column":16},"end":{"line":301,"column":48}},"82":{"start":{"line":303,"column":16},"end":{"line":303,"column":34}},"83":{"start":{"line":305,"column":16},"end":{"line":305,"column":84}},"84":{"start":{"line":308,"column":12},"end":{"line":332,"column":13}},"85":{"start":{"line":309,"column":16},"end":{"line":310,"column":63}},"86":{"start":{"line":313,"column":16},"end":{"line":314,"column":74}},"87":{"start":{"line":314,"column":20},"end":{"line":314,"column":74}},"88":{"start":{"line":316,"column":16},"end":{"line":317,"column":76}},"89":{"start":{"line":317,"column":20},"end":{"line":317,"column":76}},"90":{"start":{"line":319,"column":16},"end":{"line":320,"column":76}},"91":{"start":{"line":320,"column":20},"end":{"line":320,"column":76}},"92":{"start":{"line":322,"column":16},"end":{"line":324,"column":19}},"93":{"start":{"line":323,"column":20},"end":{"line":323,"column":32}},"94":{"start":{"line":326,"column":16},"end":{"line":328,"column":19}},"95":{"start":{"line":327,"column":20},"end":{"line":327,"column":32}},"96":{"start":{"line":331,"column":16},"end":{"line":331,"column":33}},"97":{"start":{"line":334,"column":12},"end":{"line":334,"column":24}},"98":{"start":{"line":350,"column":8},"end":{"line":350,"column":37}},"99":{"start":{"line":361,"column":8},"end":{"line":399,"column":10}},"100":{"start":{"line":362,"column":12},"end":{"line":362,"column":49}},"101":{"start":{"line":365,"column":12},"end":{"line":367,"column":13}},"102":{"start":{"line":366,"column":16},"end":{"line":366,"column":61}},"103":{"start":{"line":370,"column":12},"end":{"line":383,"column":14}},"104":{"start":{"line":371,"column":16},"end":{"line":381,"column":17}},"105":{"start":{"line":374,"column":24},"end":{"line":374,"column":51}},"106":{"start":{"line":374,"column":39},"end":{"line":374,"column":51}},"107":{"start":{"line":375,"column":24},"end":{"line":375,"column":30}},"108":{"start":{"line":378,"column":24},"end":{"line":378,"column":49}},"109":{"start":{"line":378,"column":38},"end":{"line":378,"column":49}},"110":{"start":{"line":379,"column":24},"end":{"line":379,"column":30}},"111":{"start":{"line":386,"column":12},"end":{"line":398,"column":13}},"112":{"start":{"line":387,"column":16},"end":{"line":387,"column":35}},"113":{"start":{"line":390,"column":17},"end":{"line":398,"column":13}},"114":{"start":{"line":391,"column":16},"end":{"line":391,"column":57}},"115":{"start":{"line":394,"column":17},"end":{"line":398,"column":13}},"116":{"start":{"line":395,"column":16},"end":{"line":395,"column":66}},"117":{"start":{"line":397,"column":16},"end":{"line":397,"column":61}},"118":{"start":{"line":405,"column":8},"end":{"line":407,"column":10}},"119":{"start":{"line":406,"column":12},"end":{"line":406,"column":59}},"120":{"start":{"line":413,"column":8},"end":{"line":445,"column":10}},"121":{"start":{"line":415,"column":12},"end":{"line":415,"column":27}},"122":{"start":{"line":418,"column":12},"end":{"line":418,"column":84}},"123":{"start":{"line":418,"column":37},"end":{"line":418,"column":82}},"124":{"start":{"line":421,"column":12},"end":{"line":441,"column":13}},"125":{"start":{"line":422,"column":16},"end":{"line":422,"column":60}},"126":{"start":{"line":425,"column":19},"end":{"line":441,"column":13}},"127":{"start":{"line":426,"column":16},"end":{"line":426,"column":82}},"128":{"start":{"line":429,"column":19},"end":{"line":441,"column":13}},"129":{"start":{"line":430,"column":16},"end":{"line":430,"column":55}},"130":{"start":{"line":433,"column":19},"end":{"line":441,"column":13}},"131":{"start":{"line":434,"column":16},"end":{"line":434,"column":48}},"132":{"start":{"line":437,"column":19},"end":{"line":441,"column":13}},"133":{"start":{"line":438,"column":16},"end":{"line":438,"column":97}},"134":{"start":{"line":440,"column":16},"end":{"line":440,"column":61}},"135":{"start":{"line":443,"column":12},"end":{"line":443,"column":30}},"136":{"start":{"line":455,"column":8},"end":{"line":479,"column":14}},"137":{"start":{"line":457,"column":13},"end":{"line":457,"column":37}},"138":{"start":{"line":459,"column":13},"end":{"line":475,"column":27}},"139":{"start":{"line":461,"column":17},"end":{"line":473,"column":78}},"140":{"start":{"line":477,"column":13},"end":{"line":477,"column":32}},"141":{"start":{"line":486,"column":8},"end":{"line":523,"column":10}},"142":{"start":{"line":487,"column":12},"end":{"line":487,"column":32}},"143":{"start":{"line":490,"column":12},"end":{"line":492,"column":13}},"144":{"start":{"line":491,"column":16},"end":{"line":491,"column":61}},"145":{"start":{"line":495,"column":12},"end":{"line":497,"column":13}},"146":{"start":{"line":496,"column":16},"end":{"line":496,"column":85}},"147":{"start":{"line":500,"column":12},"end":{"line":520,"column":13}},"148":{"start":{"line":501,"column":16},"end":{"line":511,"column":18}},"149":{"start":{"line":502,"column":20},"end":{"line":510,"column":23}},"150":{"start":{"line":503,"column":24},"end":{"line":507,"column":25}},"151":{"start":{"line":504,"column":28},"end":{"line":504,"column":68}},"152":{"start":{"line":506,"column":28},"end":{"line":506,"column":38}},"153":{"start":{"line":509,"column":24},"end":{"line":509,"column":62}},"154":{"start":{"line":513,"column":16},"end":{"line":519,"column":18}},"155":{"start":{"line":514,"column":20},"end":{"line":518,"column":21}},"156":{"start":{"line":515,"column":24},"end":{"line":515,"column":64}},"157":{"start":{"line":517,"column":24},"end":{"line":517,"column":34}},"158":{"start":{"line":522,"column":12},"end":{"line":522,"column":48}},"159":{"start":{"line":529,"column":8},"end":{"line":563,"column":10}},"160":{"start":{"line":530,"column":12},"end":{"line":531,"column":20}},"161":{"start":{"line":533,"column":12},"end":{"line":534,"column":24}},"162":{"start":{"line":534,"column":16},"end":{"line":534,"column":24}},"163":{"start":{"line":536,"column":12},"end":{"line":536,"column":25}},"164":{"start":{"line":545,"column":12},"end":{"line":545,"column":39}},"165":{"start":{"line":554,"column":12},"end":{"line":554,"column":20}},"166":{"start":{"line":555,"column":12},"end":{"line":562,"column":13}},"167":{"start":{"line":556,"column":16},"end":{"line":556,"column":50}},"168":{"start":{"line":558,"column":16},"end":{"line":561,"column":17}},"169":{"start":{"line":560,"column":20},"end":{"line":560,"column":50}},"170":{"start":{"line":569,"column":8},"end":{"line":576,"column":10}},"171":{"start":{"line":570,"column":12},"end":{"line":570,"column":31}},"172":{"start":{"line":572,"column":12},"end":{"line":573,"column":60}},"173":{"start":{"line":573,"column":16},"end":{"line":573,"column":60}},"174":{"start":{"line":575,"column":12},"end":{"line":575,"column":27}},"175":{"start":{"line":579,"column":4},"end":{"line":579,"column":16}}},"branchMap":{"1":{"line":44,"type":"if","locations":[{"start":{"line":44,"column":4},"end":{"line":44,"column":4}},{"start":{"line":44,"column":4},"end":{"line":44,"column":4}}]},"2":{"line":44,"type":"binary-expr","locations":[{"start":{"line":44,"column":8},"end":{"line":44,"column":36}},{"start":{"line":44,"column":40},"end":{"line":44,"column":50}}]},"3":{"line":50,"type":"if","locations":[{"start":{"line":50,"column":9},"end":{"line":50,"column":9}},{"start":{"line":50,"column":9},"end":{"line":50,"column":9}}]},"4":{"line":50,"type":"binary-expr","locations":[{"start":{"line":50,"column":13},"end":{"line":50,"column":42}},{"start":{"line":50,"column":46},"end":{"line":50,"column":60}}]},"5":{"line":58,"type":"cond-expr","locations":[{"start":{"line":58,"column":35},"end":{"line":58,"column":41}},{"start":{"line":58,"column":44},"end":{"line":58,"column":48}}]},"6":{"line":70,"type":"binary-expr","locations":[{"start":{"line":70,"column":45},"end":{"line":70,"column":48}},{"start":{"line":70,"column":52},"end":{"line":70,"column":97}}]},"7":{"line":97,"type":"if","locations":[{"start":{"line":97,"column":12},"end":{"line":97,"column":12}},{"start":{"line":97,"column":12},"end":{"line":97,"column":12}}]},"8":{"line":99,"type":"if","locations":[{"start":{"line":99,"column":16},"end":{"line":99,"column":16}},{"start":{"line":99,"column":16},"end":{"line":99,"column":16}}]},"9":{"line":102,"type":"if","locations":[{"start":{"line":102,"column":23},"end":{"line":102,"column":23}},{"start":{"line":102,"column":23},"end":{"line":102,"column":23}}]},"10":{"line":105,"type":"if","locations":[{"start":{"line":105,"column":23},"end":{"line":105,"column":23}},{"start":{"line":105,"column":23},"end":{"line":105,"column":23}}]},"11":{"line":105,"type":"binary-expr","locations":[{"start":{"line":105,"column":27},"end":{"line":105,"column":37}},{"start":{"line":105,"column":41},"end":{"line":105,"column":64}}]},"12":{"line":112,"type":"if","locations":[{"start":{"line":112,"column":16},"end":{"line":112,"column":16}},{"start":{"line":112,"column":16},"end":{"line":112,"column":16}}]},"13":{"line":143,"type":"if","locations":[{"start":{"line":143,"column":16},"end":{"line":143,"column":16}},{"start":{"line":143,"column":16},"end":{"line":143,"column":16}}]},"14":{"line":144,"type":"if","locations":[{"start":{"line":144,"column":20},"end":{"line":144,"column":20}},{"start":{"line":144,"column":20},"end":{"line":144,"column":20}}]},"15":{"line":172,"type":"if","locations":[{"start":{"line":172,"column":12},"end":{"line":172,"column":12}},{"start":{"line":172,"column":12},"end":{"line":172,"column":12}}]},"16":{"line":190,"type":"binary-expr","locations":[{"start":{"line":190,"column":22},"end":{"line":190,"column":29}},{"start":{"line":190,"column":33},"end":{"line":190,"column":35}}]},"17":{"line":193,"type":"binary-expr","locations":[{"start":{"line":193,"column":34},"end":{"line":193,"column":55}},{"start":{"line":193,"column":59},"end":{"line":193,"column":77}}]},"18":{"line":199,"type":"if","locations":[{"start":{"line":199,"column":16},"end":{"line":199,"column":16}},{"start":{"line":199,"column":16},"end":{"line":199,"column":16}}]},"19":{"line":205,"type":"if","locations":[{"start":{"line":205,"column":12},"end":{"line":205,"column":12}},{"start":{"line":205,"column":12},"end":{"line":205,"column":12}}]},"20":{"line":210,"type":"cond-expr","locations":[{"start":{"line":210,"column":90},"end":{"line":210,"column":102}},{"start":{"line":210,"column":105},"end":{"line":210,"column":121}}]},"21":{"line":210,"type":"binary-expr","locations":[{"start":{"line":210,"column":35},"end":{"line":210,"column":57}},{"start":{"line":210,"column":61},"end":{"line":210,"column":86}}]},"22":{"line":218,"type":"if","locations":[{"start":{"line":218,"column":20},"end":{"line":218,"column":20}},{"start":{"line":218,"column":20},"end":{"line":218,"column":20}}]},"23":{"line":226,"type":"cond-expr","locations":[{"start":{"line":226,"column":73},"end":{"line":226,"column":99}},{"start":{"line":226,"column":102},"end":{"line":226,"column":104}}]},"24":{"line":227,"type":"cond-expr","locations":[{"start":{"line":227,"column":73},"end":{"line":227,"column":99}},{"start":{"line":227,"column":102},"end":{"line":227,"column":104}}]},"25":{"line":230,"type":"if","locations":[{"start":{"line":230,"column":28},"end":{"line":230,"column":28}},{"start":{"line":230,"column":28},"end":{"line":230,"column":28}}]},"26":{"line":230,"type":"binary-expr","locations":[{"start":{"line":230,"column":32},"end":{"line":230,"column":67}},{"start":{"line":230,"column":71},"end":{"line":230,"column":92}}]},"27":{"line":258,"type":"if","locations":[{"start":{"line":258,"column":40},"end":{"line":258,"column":40}},{"start":{"line":258,"column":40},"end":{"line":258,"column":40}}]},"28":{"line":258,"type":"binary-expr","locations":[{"start":{"line":258,"column":44},"end":{"line":258,"column":67}},{"start":{"line":258,"column":71},"end":{"line":258,"column":96}}]},"29":{"line":270,"type":"if","locations":[{"start":{"line":270,"column":19},"end":{"line":270,"column":19}},{"start":{"line":270,"column":19},"end":{"line":270,"column":19}}]},"30":{"line":281,"type":"if","locations":[{"start":{"line":281,"column":19},"end":{"line":281,"column":19}},{"start":{"line":281,"column":19},"end":{"line":281,"column":19}}]},"31":{"line":292,"type":"if","locations":[{"start":{"line":292,"column":19},"end":{"line":292,"column":19}},{"start":{"line":292,"column":19},"end":{"line":292,"column":19}}]},"32":{"line":292,"type":"binary-expr","locations":[{"start":{"line":292,"column":23},"end":{"line":292,"column":33}},{"start":{"line":292,"column":37},"end":{"line":292,"column":62}}]},"33":{"line":297,"type":"cond-expr","locations":[{"start":{"line":298,"column":22},"end":{"line":298,"column":34}},{"start":{"line":299,"column":22},"end":{"line":299,"column":38}}]},"34":{"line":297,"type":"binary-expr","locations":[{"start":{"line":297,"column":22},"end":{"line":297,"column":44}},{"start":{"line":297,"column":48},"end":{"line":297,"column":73}}]},"35":{"line":308,"type":"if","locations":[{"start":{"line":308,"column":12},"end":{"line":308,"column":12}},{"start":{"line":308,"column":12},"end":{"line":308,"column":12}}]},"36":{"line":313,"type":"if","locations":[{"start":{"line":313,"column":16},"end":{"line":313,"column":16}},{"start":{"line":313,"column":16},"end":{"line":313,"column":16}}]},"37":{"line":316,"type":"if","locations":[{"start":{"line":316,"column":16},"end":{"line":316,"column":16}},{"start":{"line":316,"column":16},"end":{"line":316,"column":16}}]},"38":{"line":319,"type":"if","locations":[{"start":{"line":319,"column":16},"end":{"line":319,"column":16}},{"start":{"line":319,"column":16},"end":{"line":319,"column":16}}]},"39":{"line":365,"type":"if","locations":[{"start":{"line":365,"column":12},"end":{"line":365,"column":12}},{"start":{"line":365,"column":12},"end":{"line":365,"column":12}}]},"40":{"line":371,"type":"switch","locations":[{"start":{"line":373,"column":20},"end":{"line":375,"column":30}},{"start":{"line":377,"column":20},"end":{"line":379,"column":30}}]},"41":{"line":374,"type":"if","locations":[{"start":{"line":374,"column":24},"end":{"line":374,"column":24}},{"start":{"line":374,"column":24},"end":{"line":374,"column":24}}]},"42":{"line":378,"type":"if","locations":[{"start":{"line":378,"column":24},"end":{"line":378,"column":24}},{"start":{"line":378,"column":24},"end":{"line":378,"column":24}}]},"43":{"line":386,"type":"if","locations":[{"start":{"line":386,"column":12},"end":{"line":386,"column":12}},{"start":{"line":386,"column":12},"end":{"line":386,"column":12}}]},"44":{"line":390,"type":"if","locations":[{"start":{"line":390,"column":17},"end":{"line":390,"column":17}},{"start":{"line":390,"column":17},"end":{"line":390,"column":17}}]},"45":{"line":390,"type":"binary-expr","locations":[{"start":{"line":390,"column":21},"end":{"line":390,"column":35}},{"start":{"line":390,"column":39},"end":{"line":390,"column":71}}]},"46":{"line":394,"type":"if","locations":[{"start":{"line":394,"column":17},"end":{"line":394,"column":17}},{"start":{"line":394,"column":17},"end":{"line":394,"column":17}}]},"47":{"line":394,"type":"binary-expr","locations":[{"start":{"line":394,"column":21},"end":{"line":394,"column":42}},{"start":{"line":394,"column":46},"end":{"line":394,"column":83}}]},"48":{"line":418,"type":"if","locations":[{"start":{"line":418,"column":12},"end":{"line":418,"column":12}},{"start":{"line":418,"column":12},"end":{"line":418,"column":12}}]},"49":{"line":421,"type":"if","locations":[{"start":{"line":421,"column":12},"end":{"line":421,"column":12}},{"start":{"line":421,"column":12},"end":{"line":421,"column":12}}]},"50":{"line":421,"type":"binary-expr","locations":[{"start":{"line":421,"column":16},"end":{"line":421,"column":30}},{"start":{"line":421,"column":34},"end":{"line":421,"column":64}}]},"51":{"line":425,"type":"if","locations":[{"start":{"line":425,"column":19},"end":{"line":425,"column":19}},{"start":{"line":425,"column":19},"end":{"line":425,"column":19}}]},"52":{"line":425,"type":"binary-expr","locations":[{"start":{"line":425,"column":23},"end":{"line":425,"column":44}},{"start":{"line":425,"column":48},"end":{"line":425,"column":85}}]},"53":{"line":429,"type":"if","locations":[{"start":{"line":429,"column":19},"end":{"line":429,"column":19}},{"start":{"line":429,"column":19},"end":{"line":429,"column":19}}]},"54":{"line":429,"type":"binary-expr","locations":[{"start":{"line":429,"column":23},"end":{"line":429,"column":37}},{"start":{"line":429,"column":41},"end":{"line":429,"column":66}}]},"55":{"line":433,"type":"if","locations":[{"start":{"line":433,"column":19},"end":{"line":433,"column":19}},{"start":{"line":433,"column":19},"end":{"line":433,"column":19}}]},"56":{"line":437,"type":"if","locations":[{"start":{"line":437,"column":19},"end":{"line":437,"column":19}},{"start":{"line":437,"column":19},"end":{"line":437,"column":19}}]},"57":{"line":437,"type":"binary-expr","locations":[{"start":{"line":437,"column":23},"end":{"line":437,"column":33}},{"start":{"line":437,"column":37},"end":{"line":437,"column":76}}]},"58":{"line":438,"type":"cond-expr","locations":[{"start":{"line":438,"column":57},"end":{"line":438,"column":75}},{"start":{"line":438,"column":78},"end":{"line":438,"column":96}}]},"59":{"line":464,"type":"binary-expr","locations":[{"start":{"line":464,"column":24},"end":{"line":464,"column":38}},{"start":{"line":467,"column":21},"end":{"line":467,"column":42}},{"start":{"line":470,"column":21},"end":{"line":470,"column":46}},{"start":{"line":473,"column":22},"end":{"line":473,"column":32}},{"start":{"line":473,"column":36},"end":{"line":473,"column":75}}]},"60":{"line":490,"type":"if","locations":[{"start":{"line":490,"column":12},"end":{"line":490,"column":12}},{"start":{"line":490,"column":12},"end":{"line":490,"column":12}}]},"61":{"line":495,"type":"if","locations":[{"start":{"line":495,"column":12},"end":{"line":495,"column":12}},{"
[...]
                    notification.addEventListener('show', options.onShow);","","                if (isFunction(options.onError))","                    notification.addEventListener('error', options.onError);","","                if (isFunction(options.onClick))","                    notification.addEventListener('click', options.onClick);","","                notification.addEventListener('close', function() {","                    onClose(id);","                });","","                notification.addEventListener('cancel', function() {","                    onClose(id);","                });","","                /* Return the wrapper so the user can call close() */","                resolve(wrapper);","            }","","            resolve({}); // By default, pass an empty wrapper","        },","","        /**","         * Permission types","         * @enum {String}","         */","        Permission = {","            DEFAULT: 'default',","            GRANTED: 'granted',","            DENIED: 'denied'","        },","","        Permissions = [Permission.GRANTED, Permission.DEFAULT, Permission.DENIED];","","        /* Allow enums to be accessible from Push object */","        self.Permission = Permission;","","        /*****************","            Permissions","        /*****************/","","        /**","         * Requests permission for desktop notifications","         * @param {Function} callback - Function to execute once permission is granted","         * @return {void}","         */","        self.Permission.request = function (onGranted, onDenied) {","            var existing = self.Permission.get();","","            /* Return if Push not supported */","            if (!self.isSupported) {","                throw new Error(incompatibilityErrorMessage);","            }","","            /* Default callback */","            callback = function (result) {","                switch (result) {","","                    case self.Permission.GRANTED:","                        if (onGranted) onGranted();","                        break;","","                    case self.Permission.DENIED:","                        if (onDenied) onDenied();","                        break;","","                }","","            };","","            /* Permissions already set */","            if (existing !== self.Permission.DEFAULT) {","                callback(existing);","            }","            /* Safari 6+, Chrome 23+ */","            else if (w.Notification && w.Notification.requestPermission) {","                Notification.requestPermission(callback);","            }","            /* Legacy webkit browsers */","            else if (w.webkitNotifications && w.webkitNotifications.checkPermission) {","                w.webkitNotifications.requestPermission(callback);","            } else {","                throw new Error(incompatibilityErrorMessage);","            }","        };","","        /**","         * Returns whether Push has been granted permission to run","         * @return {Boolean}","         */","        self.Permission.has = function () {","            return Permission.get() === Permission.GRANTED;","        };","","        /**","         * Gets the permission level","         * @return {Permission} The permission level","         */","        self.Permission.get = function () {","","            var permission;","","            /* Return if Push not supported */","            if (!self.isSupported) { throw new Error(incompatibilityErrorMessage); }","","            /* Safari 6+, Chrome 23+ */","            if (w.Notification && w.Notification.permissionLevel) {","                permission = w.Notification.permissionLevel;","","            /* Legacy webkit browsers */","            } else if (w.webkitNotifications && w.webkitNotifications.checkPermission) {","                permission = Permissions[w.webkitNotifications.checkPermission()];","","            /* Firefox 23+ */","            } else if (w.Notification && w.Notification.permission) {","                permission = w.Notification.permission;","","            /* Firefox Mobile */","            } else if (navigator.mozNotification) {","                permission = Permission.GRANTED;","","            /* IE9+ */","            } else if (w.external && w.external.msIsSiteMode() !== undefined) {","                permission = w.external.msIsSiteMode() ? Permission.GRANTED : Permission.DEFAULT;","            } else {","                throw new Error(incompatibilityErrorMessage);","            }","","            return permission;","","        };","","        /*********************","            Other Functions","        /*********************/","","        /**","         * Detects whether the user's browser supports notifications","         * @return {Boolean}","         */","        self.isSupported = (function () {","","             var isSupported = false;","","             try {","","                 isSupported =","","                     /* Safari, Chrome */","                     !!(w.Notification ||","","                     /* Chrome & ff-html5notifications plugin */","                     w.webkitNotifications ||","","                     /* Firefox Mobile */","                     navigator.mozNotification ||","","                     /* IE9+ */","                     (w.external && w.external.msIsSiteMode() !== undefined));","","             } catch (e) {}","","             return isSupported;","","         })();","","         /**","          * Creates and displays a new notification","          * @param {Array} options","          * @return {Promise}","          */","        self.create = function (title, options) {","            var promiseCallback;","","            /* Fail if the browser is not supported */","            if (!self.isSupported) {","                throw new Error(incompatibilityErrorMessage);","            }","","            /* Fail if no or an invalid title is provided */","            if (!isString(title)) {","                throw new Error('PushError: Title of notification must be a string');","            }","","            /* Request permission if it isn't granted */","            if (!self.Permission.has()) {","                promiseCallback = function(resolve, reject) {","                    self.Permission.request(function() {","                        try {","                            createCallback(title, options, resolve);","                        } catch (e) {","                            reject(e);","                        }","                    }, function() {","                        reject(\"Permission request declined\");","                    });","                };","            } else {","                promiseCallback = function(resolve, reject) {","                    try {","                        createCallback(title, options, resolve);","                    } catch (e) {","                        reject(e);","                    }","                };","            }","","            return new Promise(promiseCallback);","        };","","        /**","         * Returns the notification count","         * @return {Integer} The notification count","         */","        self.count = function () {","            var count = 0,","                key;","","            for (key in notifications)","                count++;","","            return count;","        },","","        /**","         * Internal function that returns the path of the last service worker used","         * For testing purposes only","         * @return {String} The service worker path","         */","        self.__lastWorkerPath = function () {","            return self.lastWorkerPath;","        },","","        /**","         * Closes a notification with the given tag","         * @param {String} tag - Tag of the notification to close","         * @return {Boolean} boolean denoting success","         */","        self.close = function (tag) {","            var key;","            for (key in notifications) {","                notification = notifications[key];","                /* Run only if the tags match */","                if (notification.tag === tag) {","                    /* Call the notification's close() method */","                    return closeNotification(key);","                }","            }","        };","","        /**","         * Clears all notifications","         * @return {void}","         */","        self.clear = function () {","            var success = true;","","            for (key in notifications)","                success = success && closeNotification(key);","","            return success;","        };","    };","","    return Push;","","});",""],"l":{"39":1,"44":1,"45":0,"46":0,"50":1,"51":1,"55":0,"60":1,"66":1,"68":0,"69":0,"70":0,"94":0,"97":0,"99":0,"100":0,"102":0,"103":0,"105":0,"106":0,"108":0,"109":0,"112":0,"113":0,"117":0,"126":0,"127":0,"128":0,"129":0,"138":0,"142":0,"143":0,"144":0,"145":0,"148":0,"153":0,"154":0,"158":0,"161":0,"163":0,"167":0,"172":0,"173":0,"174":0,"178":0,"186":0,"190":0,"193":0,"196":0,"198":0,"199":0,"200":0,"205":0,"206":0,"207":0,"218":0,"220":0,"221":0,"222":0,"230":0,"231":0,"234":0,"245":0,"248":0,"249":0,"252":0,"255":0,"256":0,"258":0,"259":0,"262":0,"270":0,"272":0,"278":0,"281":0,"283":0,"289":0,"292":0,"295":0,"296":0,"301":0,"303":0,"305":0,"308":0,"309":0,"313":0,"314":0,"316":0,"317":0,"319":0,"320":0,"322":0,"323":0,"326":0,"327":0,"331":0,"334":0,"350":1,"361":1,"362":0,"365":0,"366":0,"370":0,"371":0,"374":0,"375":0,"378":0,"379":0,"386":0,"387":0,"390":0,"391":0,"394":0,"395":0,"397":0,"405":1,"406":0,"413":1,"415":0,"418":0,"421":0,"422":0,"425":0,"426":0,"429":0,"430":0,"433":0,"434":0,"437":0,"438":0,"440":0,"443":0,"455":1,"457":1,"459":1,"461":1,"477":1,"486":1,"487":0,"490":0,"491":0,"495":0,"496":0,"500":0,"501":0,"502":0,"503":0,"504":0,"506":0,"509":0,"513":0,"514":0,"515":0,"517":0,"522":0,"529":1,"530":0,"533":0,"534":0,"536":0,"545":0,"554":0,"555":0,"556":0,"558":0,"560":0,"569":1,"570":0,"572":0,"573":0,"575":0,"579":1}},"/home/travis/build/npmtest/node-npmtest-push.js/node_modules/push.js/karma.conf.js":{"path":"/home/travis/build/npmtest/node-npmtest-push.js/node_modules/push.js/karma.conf.js","s":{"1":1,"2":0},"b":{},"f":{"1":0},"fnMap":{"1":{"name":"(anonymous_1)","line":4,"loc":{"start":{"line":4,"column":17},"end":{"line":4,"column":34}}}},"statementMap":{"1":{"start":{"line":4,"column":0},"end":{"line":75,"column":2}},"2":{"start":{"line":5,"column":4},"end":{"line":74,"column":7}}},"branchMap":{},"code":["// Karma configuration","// Generated on Tue Jul 21 2015 22:34:30 GMT-0400 (EDT)","","module.exports = function(config) {","    config.set({","","        // base path that will be used to resolve all patterns (eg. files, exclude)","        basePath: '',","","        coverageReporter: {","            // specify a common output directory","            dir: 'coverage',","            reporters: [{","                type: 'lcov',","                subdir: '.'","            }]","        },","","        // frameworks to use","        // available frameworks: https://npmjs.org/browse/keyword/karma-adapter","        frameworks: ['jasmine'],","","        plugins: [","            'karma-jasmine',","            'karma-firefox-launcher',","            'karma-mocha-reporter',","            'karma-coverage'","        ],","","        // list of files / patterns to load in the browser","        files: [","            'push.js',","            'push_tests.js'","        ],","","        // preprocess matching files before serving them to the browser","        // available preprocessors: https://npmjs.org/browse/keyword/karma-preprocessor","        preprocessors: {","            'push.js': ['coverage']","        },","","","        // test results reporter to use","        // possible values: 'dots', 'progress'","        // available reporters: https://npmjs.org/browse/keyword/karma-reporter","        reporters: ['mocha', 'coverage'],","","","        // web server port","        port: 9876,","","","        // enable / disable colors in the output (reporters and logs)","        colors: true,","","","        // level of logging","        // possible values: config.LOG_DISABLE || config.LOG_ERROR || config.LOG_WARN || config.LOG_INFO || config.LOG_DEBUG","        logLevel: config.LOG_INFO,","","","        // enable / disable watching file and executing tests whenever any file changes","        autoWatch: false,","","","        // start these browsers","        // available browser launchers: https://npmjs.org/browse/keyword/karma-launcher","        browsers: ['Firefox'],","","","        // Continuous Integration mode","        // if true, Karma captures browsers, runs the tests and exits","        singleRun: true","    });","};",""],"l":{"4":1,"5":0}},"/home/travis/build/npmtest/node-npmtest-push.js/node_modules/push.js/serviceWorker.js":{"path":"/home/travis/build/npmtest/node-npmtest-push.js/node_modules/push.js/serviceWorker.js","s":{"1":2,"2":0,"3":0,"4":0,"5":0,"6":0,"7":2,"8":0,"9":0,"10":0,"11":0,"12":0,"13":0,"14":0,"15":0,"16":0,"17":0,"18":0,"19":0,"20":0,"21":0,"22":0,"23":0,"24":0,"25":0,"26":0,"27":0,"28":0,"29":0,"30":0},"b":{"1":[0,0],"2":[0,0],"3":[0,0],"4":[0,0],"5":[0,0],"6":[0,0],"7":[0,0],"8":[0,0],"9":[0,0],"10":[0,0]},"f":{"1":0,"2":0,"3":0,"4":0,"5":0,"6":0},"fnMap":{"1":{"name":"(anonymous_1)","line":1,"loc":{"start":{"line":1,"column":17},"end":{"line":1,"column":32}}},"2":{"name":"(anonymous_2)","line":3,"loc":{"start":{"line":3,"column":20},"end":{"line":3,"column":38}}},"3":{"name":"(anonymous_3)","line":11,"loc":{"start":{"line":11,"column":33},"end":{"line":11,"column":49}}},"4":{"name":"(anonymous_4)","line":15,"loc":{"start":{"line":15,"column":27},"end":{"line":15,"column":44}}},"5":{"name":"(anonymous_5)","line":25,"loc":{"start":{"line":25,"column":27},"end":{"line":25,"column":44}}},"6":{"name":"(anonymous_6)","line":40,"loc":{"start":{"line":40,"column":16},"end":{"line":40,"column":38}}}},"statementMap":{"1":{"start":{"line":1,"column":0},"end":{"line":9,"column":2}},"2":{"start":{"line":1,"column":34},"end":{"line":1,"column":94}},"3":{"start":{"line":4,"column":4},"end":{"line":8,"column":5}},"4":{"start":{"line":5,"column":8},"end":{"line":5,"column":38}},"5":{"start":{"line":6,"column":8},"end":{"line":7,"column":19}},"6":{"start":{"line":7,"column":12},"end":{"line":7,"column":19}},"7":{"start":{"line":11,"column":0},"end":{"line":13,"column":3}},"8":{"start":{"line":12,"column":4},"end":{"line":12,"column":31}},"9":{"start":{"line":15,"column":0},"end":{"line":23,"column":2}},"10":{"start":{"line":16,"column":4},"end":{"line":16,"column":55}},"11":{"start":{"line":19,"column":4},"end":{"line":22,"column":8}},"12":{"start":{"line":25,"column":0},"end":{"line":58,"column":2}},"13":{"start":{"line":26,"column":4},"end":{"line":26,"column":27}},"14":{"start":{"line":28,"column":4},"end":{"line":28,"column":55}},"15":{"start":{"line":30,"column":4},"end":{"line":57,"column":5}},"16":{"start":{"line":31,"column":8},"end":{"line":31,"column":48}},"17":{"start":{"line":32,"column":8},"end":{"line":32,"column":44}},"18":{"start":{"line":33,"column":8},"end":{"line":33,"column":65}},"19":{"start":{"line":35,"column":8},"end":{"line":35,"column":35}},"20":{"start":{"line":38,"column":8},"end":{"line":56,"column":12}},"21":{"start":{"line":41,"column":12},"end":{"line":41,"column":33}},"22":{"start":{"line":43,"column":12},"end":{"line":52,"column":13}},"23":{"start":{"line":44,"column":16},"end":{"line":44,"column":39}},"24":{"start":{"line":45,"column":16},"end":{"line":45,"column":39}},"25":{"start":{"line":47,"column":16},"end":{"line":48,"column":36}},"26":{"start":{"line":48,"column":20},"end":{"line":48,"column":36}},"27":{"start":{"line":50,"column":16},"end":{"line":51,"column":42}},"28":{"start":{"line":51,"column":20},"end":{"line":51,"column":42}},"29":{"start":{"line":54,"column":12},"end":{"line":55,"column":54}},"30":{"start":{"line":55,"column":16},"end":{"line":55,"column":54}}},"branchMap":{"1":{"line":1,"type":"binary-expr","locations":[{"start":{"line":1,"column":41},"end":{"line":1,"column":44}},{"start":{"line":1,"column":48},"end":{"line":1,"column":93}}]},"2":{"line":4,"type":"if","locations":[{"start":{"line":4,"column":4},"end":{"line":4,"column":4}},{"start":{"line":4,"column":4},"end":{"line":4,"column":4}}]},"3":{"line":6,"type":"if","locations":[{"start":{"line":6,"column":8},"end":{"line":6,"column":8}},{"start":{"line":6,"column":8},"end":{"line":6,"column":8}}]},"4":{"line":30,"type":"if","locations":[{"start":{"line":30,"column":4},"end":{"line":30,"column":4}},{"start":{"line":30,"column":4},"end":{"line":30,"column":4}}]},"5":{"line":30,"type":"binary-expr","locations":[{"start":{"line":30,"column":8},"end":{"line":30,"column":59}},{"start":{"line":30,"column":63},"end":{"line":30,"column":100}}]},"6":{"line":47,"type":"if","locations":[{"start":{"line":47,"column":16},"end":{"line":47,"column":16}},{"start":{"line":47,"column":16},"end":{"line":47,"column":16}}]},"7":{"line":47,"type":"binary-expr","locations":[{"start":{"line":47,"column":20},"end":{"line":47,"column":57}},{"start":{"line":47,"column":61},"end":{"line":47,"column":101}}]},"8":{"line":50,"type":"if","locations":[{"start":{"line":50,"column":16},"end":{"line":50,"column":16}},{"start":{"line":50,"column":16},"end":{"line":50,"column":16}}]},"9":{"line":50,"type":"binary-expr","locations":[{"start":{"line":50,"column":21},"end":{"line":50,"column":43}},{"start":{"line":50,"column":49},"end":{"line":50,"column":66}}]},"10":{"line":54,"type":"if","locations":[{"start":{"line":54,"column":12},"end":{"line":54,"column":12}},{"start":{"line":54,"column":12},"end":{"line":54,"column":12}}]}},"code":["var isFunction = function (obj) { return obj && {}.toString.call(obj) === '[object Function]'; },","","runFunctionString = function(funcStr) {","    if (funcStr.trim().length > 0) {","        eval('var func = ' + funcStr);","        if (isFunction(func))","            func();","    }","};","","self.addEventListener('message', function(event) {","    self.client = event.source;","});","","self.onnotificationclose = function (event) {","    runFunctionString(event.notification.data.onClose);","","    /* Tell Push to execute close callback */","    self.client.postMessage(JSON.stringify({","        id: event.notification.data.id,","        action: 'close'","    }));","};","","self.onnotificationclick = function (event) {","    var link, origin, href;","","    runFunctionString(event.notification.data.onClick);","","    if (typeof event.notification.data.link !== 'undefined' && event.notification.data.link !== null) {","        origin = event.notification.data.origin;","        link = event.notification.data.link;","        href = origin.substring(0, origin.indexOf('/', 8)) + '/';","","        event.notification.close();","","        // This looks to see if the current is already open and focuses if it is","        event.waitUntil(clients.matchAll({","            type: \"window\"","        }).then(function (clientList) {","            var client, full_url;","","            for (var i = 0; i < clientList.length; i++) {","                client = clientList[i];","                full_url = href + link;","","                if (full_url[full_url.length - 1] !== '/' && client.url[client.url.length - 1] == '/')","                    full_url += '/';","","                if ((client.url == full_url) && ('focus' in client))","                    return client.focus();","            }","","            if (clients.openWindow)","                return clients.openWindow('/' + link);","        }));","    }","};",""],"l":{"1":2,"4":0,"5":0,"6":0,"7":0,"11":2,"12":0,"15":0,"16":0,"19":0,"25":0,"26":0,"28":0,"30":0,"31":0,"32":0,"33":0,"35":0,"38":0,"41":0,"43":0,"44":0,"45":0,"47":0,"48":0,"50":0,"51":0,"54":0,"55":0}}}